{"meta": {"format": 3, "version": "7.8.0", "timestamp": "2025-05-11T18:24:22.909092", "branch_coverage": false, "show_contexts": false}, "files": {"src/__init__.py": {"executed_lines": [0], "summary": {"covered_lines": 0, "num_statements": 0, "percent_covered": 100.0, "percent_covered_display": "100", "missing_lines": 0, "excluded_lines": 0}, "missing_lines": [], "excluded_lines": [], "functions": {"": {"executed_lines": [], "summary": {"covered_lines": 0, "num_statements": 0, "percent_covered": 100.0, "percent_covered_display": "100", "missing_lines": 0, "excluded_lines": 0}, "missing_lines": [], "excluded_lines": []}}, "classes": {"": {"executed_lines": [], "summary": {"covered_lines": 0, "num_statements": 0, "percent_covered": 100.0, "percent_covered_display": "100", "missing_lines": 0, "excluded_lines": 0}, "missing_lines": [], "excluded_lines": []}}}, "src/benchmarking/__init__.py": {"executed_lines": [1, 2, 3, 4, 6], "summary": {"covered_lines": 5, "num_statements": 5, "percent_covered": 100.0, "percent_covered_display": "100", "missing_lines": 0, "excluded_lines": 0}, "missing_lines": [], "excluded_lines": [], "functions": {"": {"executed_lines": [1, 2, 3, 4, 6], "summary": {"covered_lines": 5, "num_statements": 5, "percent_covered": 100.0, "percent_covered_display": "100", "missing_lines": 0, "excluded_lines": 0}, "missing_lines": [], "excluded_lines": []}}, "classes": {"": {"executed_lines": [1, 2, 3, 4, 6], "summary": {"covered_lines": 5, "num_statements": 5, "percent_covered": 100.0, "percent_covered_display": "100", "missing_lines": 0, "excluded_lines": 0}, "missing_lines": [], "excluded_lines": []}}}, "src/benchmarking/convert_mcvrp_to_fsm.py": {"executed_lines": [1, 5, 6, 7, 8, 9, 10, 12, 15, 16, 19, 20, 21, 22, 23, 24, 26, 28, 29, 32, 37, 43, 48, 53, 55, 56, 57, 58, 59, 60, 61, 65, 66, 67, 68, 69, 71, 72, 73, 74, 76, 77, 78, 81, 86, 87, 90, 91, 98, 99, 108, 109, 110, 111, 114, 115, 116, 119, 121, 142, 144, 145], "summary": {"covered_lines": 61, "num_statements": 62, "percent_covered": 98.38709677419355, "percent_covered_display": "98", "missing_lines": 1, "excluded_lines": 0}, "missing_lines": [17], "excluded_lines": [], "functions": {"_build_arg_parser": {"executed_lines": [29, 32, 37, 43, 48, 53], "summary": {"covered_lines": 6, "num_statements": 6, "percent_covered": 100.0, "percent_covered_display": "100", "missing_lines": 0, "excluded_lines": 0}, "missing_lines": [], "excluded_lines": []}, "_print_info": {"executed_lines": [56, 57, 58, 59, 60, 61, 65, 66, 67, 68, 69], "summary": {"covered_lines": 11, "num_statements": 11, "percent_covered": 100.0, "percent_covered_display": "100", "missing_lines": 0, "excluded_lines": 0}, "missing_lines": [], "excluded_lines": []}, "main": {"executed_lines": [72, 73, 74, 76, 77, 78, 81, 86, 87, 90, 91, 98, 99, 108, 109, 110, 111, 114, 115, 116, 119, 121, 142], "summary": {"covered_lines": 23, "num_statements": 23, "percent_covered": 100.0, "percent_covered_display": "100", "missing_lines": 0, "excluded_lines": 0}, "missing_lines": [], "excluded_lines": []}, "": {"executed_lines": [1, 5, 6, 7, 8, 9, 10, 12, 15, 16, 19, 20, 21, 22, 23, 24, 26, 28, 55, 71, 144, 145], "summary": {"covered_lines": 21, "num_statements": 22, "percent_covered": 95.45454545454545, "percent_covered_display": "95", "missing_lines": 1, "excluded_lines": 0}, "missing_lines": [17], "excluded_lines": []}}, "classes": {"": {"executed_lines": [1, 5, 6, 7, 8, 9, 10, 12, 15, 16, 19, 20, 21, 22, 23, 24, 26, 28, 29, 32, 37, 43, 48, 53, 55, 56, 57, 58, 59, 60, 61, 65, 66, 67, 68, 69, 71, 72, 73, 74, 76, 77, 78, 81, 86, 87, 90, 91, 98, 99, 108, 109, 110, 111, 114, 115, 116, 119, 121, 142, 144, 145], "summary": {"covered_lines": 61, "num_statements": 62, "percent_covered": 98.38709677419355, "percent_covered_display": "98", "missing_lines": 1, "excluded_lines": 0}, "missing_lines": [17], "excluded_lines": []}}}, "src/benchmarking/cvrp_converter.py": {"executed_lines": [1, 5, 7, 8, 9, 11, 13, 14, 16, 17, 18, 19, 20, 23, 32, 33, 35, 39, 40, 41, 42, 43, 45, 46, 50, 51, 52, 54, 57, 58, 59, 60, 61, 62, 65, 66, 67, 68, 69, 70, 72, 75, 78, 79, 80, 81, 83, 89, 90, 91, 93, 94, 97, 105, 106, 107, 108, 110, 113, 116, 121, 129, 130, 133, 141, 144, 146, 155, 156, 159, 167, 170, 173, 174, 176, 177, 178, 182, 183, 184, 186, 187, 190, 199, 202, 204, 205, 207, 208, 209, 210, 219, 220, 222, 225, 227, 228, 229, 230, 232, 237, 239], "summary": {"covered_lines": 101, "num_statements": 102, "percent_covered": 99.01960784313725, "percent_covered_display": "99", "missing_lines": 1, "excluded_lines": 0}, "missing_lines": [36], "excluded_lines": [], "functions": {"convert_cvrp_to_fsm": {"executed_lines": [32, 33, 35, 39, 40, 41, 42, 43, 45, 46, 50, 51, 52, 54, 57, 58, 59, 60, 61, 62, 65, 66, 67, 68, 69, 70, 72], "summary": {"covered_lines": 27, "num_statements": 28, "percent_covered": 96.42857142857143, "percent_covered_display": "96", "missing_lines": 1, "excluded_lines": 0}, "missing_lines": [36], "excluded_lines": []}, "_convert_normal": {"executed_lines": [78, 79, 80, 81, 83, 89, 90, 91, 93, 94, 97, 105, 106, 107, 108, 110], "summary": {"covered_lines": 16, "num_statements": 16, "percent_covered": 100.0, "percent_covered_display": "100", "missing_lines": 0, "excluded_lines": 0}, "missing_lines": [], "excluded_lines": []}, "_convert_split": {"executed_lines": [116, 121, 129, 130, 133, 141], "summary": {"covered_lines": 6, "num_statements": 6, "percent_covered": 100.0, "percent_covered_display": "100", "missing_lines": 0, "excluded_lines": 0}, "missing_lines": [], "excluded_lines": []}, "_convert_scaled": {"executed_lines": [146, 155, 156, 159, 167], "summary": {"covered_lines": 5, "num_statements": 5, "percent_covered": 100.0, "percent_covered_display": "100", "missing_lines": 0, "excluded_lines": 0}, "missing_lines": [], "excluded_lines": []}, "_convert_combined": {"executed_lines": [173, 174, 176, 177, 178, 182, 183, 184, 186, 187, 190, 199], "summary": {"covered_lines": 12, "num_statements": 12, "percent_covered": 100.0, "percent_covered_display": "100", "missing_lines": 0, "excluded_lines": 0}, "missing_lines": [], "excluded_lines": []}, "_create_customer_data": {"executed_lines": [204, 205, 207, 208, 209, 210, 219, 220, 222], "summary": {"covered_lines": 9, "num_statements": 9, "percent_covered": 100.0, "percent_covered_display": "100", "missing_lines": 0, "excluded_lines": 0}, "missing_lines": [], "excluded_lines": []}, "_create_base_params": {"executed_lines": [227, 228, 229, 230, 232, 237, 239], "summary": {"covered_lines": 7, "num_statements": 7, "percent_covered": 100.0, "percent_covered_display": "100", "missing_lines": 0, "excluded_lines": 0}, "missing_lines": [], "excluded_lines": []}, "": {"executed_lines": [1, 5, 7, 8, 9, 11, 13, 14, 16, 17, 18, 19, 20, 23, 75, 113, 144, 170, 202, 225], "summary": {"covered_lines": 19, "num_statements": 19, "percent_covered": 100.0, "percent_covered_display": "100", "missing_lines": 0, "excluded_lines": 0}, "missing_lines": [], "excluded_lines": []}}, "classes": {"CVRPBenchmarkType": {"executed_lines": [], "summary": {"covered_lines": 0, "num_statements": 0, "percent_covered": 100.0, "percent_covered_display": "100", "missing_lines": 0, "excluded_lines": 0}, "missing_lines": [], "excluded_lines": []}, "": {"executed_lines": [1, 5, 7, 8, 9, 11, 13, 14, 16, 17, 18, 19, 20, 23, 32, 33, 35, 39, 40, 41, 42, 43, 45, 46, 50, 51, 52, 54, 57, 58, 59, 60, 61, 62, 65, 66, 67, 68, 69, 70, 72, 75, 78, 79, 80, 81, 83, 89, 90, 91, 93, 94, 97, 105, 106, 107, 108, 110, 113, 116, 121, 129, 130, 133, 141, 144, 146, 155, 156, 159, 167, 170, 173, 174, 176, 177, 178, 182, 183, 184, 186, 187, 190, 199, 202, 204, 205, 207, 208, 209, 210, 219, 220, 222, 225, 227, 228, 229, 230, 232, 237, 239], "summary": {"covered_lines": 101, "num_statements": 102, "percent_covered": 99.01960784313725, "percent_covered_display": "99", "missing_lines": 1, "excluded_lines": 0}, "missing_lines": [36], "excluded_lines": []}}}, "src/benchmarking/cvrp_parser.py": {"executed_lines": [1, 3, 4, 5, 6, 7, 8, 9, 12, 13, 16, 18, 20, 21, 22, 23, 24, 25, 26, 27, 28, 29, 30, 32, 33, 34, 35, 36, 37, 38, 40, 41, 43, 45, 46, 49, 51, 54, 55, 58, 62, 68, 74, 76, 81, 92, 94, 95, 99, 102, 107, 108, 110, 111, 116, 123], "summary": {"covered_lines": 52, "num_statements": 77, "percent_covered": 67.53246753246754, "percent_covered_display": "68", "missing_lines": 25, "excluded_lines": 0}, "missing_lines": [14, 47, 96, 124, 127, 128, 132, 135, 138, 139, 140, 141, 143, 144, 145, 146, 147, 149, 150, 151, 152, 153, 154, 156, 157], "excluded_lines": [], "functions": {"CVRPParser.__init__": {"executed_lines": [45, 46, 49], "summary": {"covered_lines": 3, "num_statements": 4, "percent_covered": 75.0, "percent_covered_display": "75", "missing_lines": 1, "excluded_lines": 0}, "missing_lines": [47], "excluded_lines": []}, "CVRPParser.parse": {"executed_lines": [54, 55, 58, 62, 68, 74, 76, 81], "summary": {"covered_lines": 8, "num_statements": 8, "percent_covered": 100.0, "percent_covered_display": "100", "missing_lines": 0, "excluded_lines": 0}, "missing_lines": [], "excluded_lines": []}, "CVRPParser.parse_solution": {"executed_lines": [94, 95, 99, 102, 107, 108, 110, 111, 116], "summary": {"covered_lines": 9, "num_statements": 10, "percent_covered": 90.0, "percent_covered_display": "90", "missing_lines": 1, "excluded_lines": 0}, "missing_lines": [96], "excluded_lines": []}, "": {"executed_lines": [1, 3, 4, 5, 6, 7, 8, 9, 12, 13, 16, 18, 20, 21, 22, 23, 24, 25, 26, 27, 28, 29, 30, 32, 33, 34, 35, 36, 37, 38, 40, 41, 43, 51, 92, 123], "summary": {"covered_lines": 32, "num_statements": 55, "percent_covered": 58.18181818181818, "percent_covered_display": "58", "missing_lines": 23, "excluded_lines": 0}, "missing_lines": [14, 124, 127, 128, 132, 135, 138, 139, 140, 141, 143, 144, 145, 146, 147, 149, 150, 151, 152, 153, 154, 156, 157], "excluded_lines": []}}, "classes": {"CVRPInstance": {"executed_lines": [], "summary": {"covered_lines": 0, "num_statements": 0, "percent_covered": 100.0, "percent_covered_display": "100", "missing_lines": 0, "excluded_lines": 0}, "missing_lines": [], "excluded_lines": []}, "CVRPSolution": {"executed_lines": [], "summary": {"covered_lines": 0, "num_statements": 0, "percent_covered": 100.0, "percent_covered_display": "100", "missing_lines": 0, "excluded_lines": 0}, "missing_lines": [], "excluded_lines": []}, "CVRPParser": {"executed_lines": [45, 46, 49, 54, 55, 58, 62, 68, 74, 76, 81, 94, 95, 99, 102, 107, 108, 110, 111, 116], "summary": {"covered_lines": 20, "num_statements": 22, "percent_covered": 90.9090909090909, "percent_covered_display": "91", "missing_lines": 2, "excluded_lines": 0}, "missing_lines": [47, 96], "excluded_lines": []}, "": {"executed_lines": [1, 3, 4, 5, 6, 7, 8, 9, 12, 13, 16, 18, 20, 21, 22, 23, 24, 25, 26, 27, 28, 29, 30, 32, 33, 34, 35, 36, 37, 38, 40, 41, 43, 51, 92, 123], "summary": {"covered_lines": 32, "num_statements": 55, "percent_covered": 58.18181818181818, "percent_covered_display": "58", "missing_lines": 23, "excluded_lines": 0}, "missing_lines": [14, 124, 127, 128, 132, 135, 138, 139, 140, 141, 143, 144, 145, 146, 147, 149, 150, 151, 152, 153, 154, 156, 157], "excluded_lines": []}}}, "src/benchmarking/cvrp_to_fsm.py": {"executed_lines": [1, 5, 6, 7, 8, 9, 10, 11, 14, 15, 18, 19, 20, 21, 22, 23, 24, 25, 26, 27, 29, 31, 32, 34, 35, 39, 43, 46, 51, 55, 57, 58, 59, 61, 62, 63, 65, 66, 67, 68, 69, 70, 71, 72, 73, 74, 75, 76, 77, 78, 79, 80, 81, 82, 84, 85, 86, 87, 88, 89, 90, 91, 93, 94, 95, 96, 97, 99, 100, 101, 102, 103, 104, 105, 108, 110, 114, 117, 118, 125, 126, 129, 134, 137, 146, 147, 148, 149, 151, 152, 155, 156, 157, 158, 160, 182, 183], "summary": {"covered_lines": 96, "num_statements": 99, "percent_covered": 96.96969696969697, "percent_covered_display": "97", "missing_lines": 3, "excluded_lines": 0}, "missing_lines": [16, 109, 111], "excluded_lines": [], "functions": {"main": {"executed_lines": [31, 32, 34, 35, 39, 43, 46, 51, 55, 57, 58, 59, 61, 62, 63, 65, 66, 67, 68, 69, 70, 71, 72, 73, 74, 75, 76, 77, 78, 79, 80, 81, 82, 84, 85, 86, 87, 88, 89, 90, 91, 93, 94, 95, 96, 97, 99, 100, 101, 102, 103, 104, 105, 108, 110, 114, 117, 118, 125, 126, 129, 134, 137, 146, 147, 148, 149, 151, 152, 155, 156, 157, 158, 160], "summary": {"covered_lines": 74, "num_statements": 76, "percent_covered": 97.36842105263158, "percent_covered_display": "97", "missing_lines": 2, "excluded_lines": 0}, "missing_lines": [109, 111], "excluded_lines": []}, "": {"executed_lines": [1, 5, 6, 7, 8, 9, 10, 11, 14, 15, 18, 19, 20, 21, 22, 23, 24, 25, 26, 27, 29, 182, 183], "summary": {"covered_lines": 22, "num_statements": 23, "percent_covered": 95.65217391304348, "percent_covered_display": "96", "missing_lines": 1, "excluded_lines": 0}, "missing_lines": [16], "excluded_lines": []}}, "classes": {"": {"executed_lines": [1, 5, 6, 7, 8, 9, 10, 11, 14, 15, 18, 19, 20, 21, 22, 23, 24, 25, 26, 27, 29, 31, 32, 34, 35, 39, 43, 46, 51, 55, 57, 58, 59, 61, 62, 63, 65, 66, 67, 68, 69, 70, 71, 72, 73, 74, 75, 76, 77, 78, 79, 80, 81, 82, 84, 85, 86, 87, 88, 89, 90, 91, 93, 94, 95, 96, 97, 99, 100, 101, 102, 103, 104, 105, 108, 110, 114, 117, 118, 125, 126, 129, 134, 137, 146, 147, 148, 149, 151, 152, 155, 156, 157, 158, 160, 182, 183], "summary": {"covered_lines": 96, "num_statements": 99, "percent_covered": 96.96969696969697, "percent_covered_display": "97", "missing_lines": 3, "excluded_lines": 0}, "missing_lines": [16, 109, 111], "excluded_lines": []}}}, "src/benchmarking/dispatcher.py": {"executed_lines": [], "summary": {"covered_lines": 0, "num_statements": 30, "percent_covered": 0.0, "percent_covered_display": "0", "missing_lines": 30, "excluded_lines": 0}, "missing_lines": [1, 2, 4, 5, 6, 7, 10, 13, 31, 33, 34, 35, 36, 38, 39, 40, 41, 42, 45, 47, 48, 49, 50, 53, 55, 57, 58, 59, 61, 62], "excluded_lines": [], "functions": {"resolve": {"executed_lines": [], "summary": {"covered_lines": 0, "num_statements": 15, "percent_covered": 0.0, "percent_covered_display": "0", "missing_lines": 15, "excluded_lines": 0}, "missing_lines": [33, 34, 35, 36, 38, 39, 40, 41, 42, 45, 47, 48, 49, 50, 53], "excluded_lines": []}, "list_instances": {"executed_lines": [], "summary": {"covered_lines": 0, "num_statements": 5, "percent_covered": 0.0, "percent_covered_display": "0", "missing_lines": 5, "excluded_lines": 0}, "missing_lines": [57, 58, 59, 61, 62], "excluded_lines": []}, "": {"executed_lines": [], "summary": {"covered_lines": 0, "num_statements": 10, "percent_covered": 0.0, "percent_covered_display": "0", "missing_lines": 10, "excluded_lines": 0}, "missing_lines": [1, 2, 4, 5, 6, 7, 10, 13, 31, 55], "excluded_lines": []}}, "classes": {"": {"executed_lines": [], "summary": {"covered_lines": 0, "num_statements": 30, "percent_covered": 0.0, "percent_covered_display": "0", "missing_lines": 30, "excluded_lines": 0}, "missing_lines": [1, 2, 4, 5, 6, 7, 10, 13, 31, 33, 34, 35, 36, 38, 39, 40, 41, 42, 45, 47, 48, 49, 50, 53, 55, 57, 58, 59, 61, 62], "excluded_lines": []}}}, "src/benchmarking/mcvrp_parser.py": {"executed_lines": [1, 3, 4, 5, 8, 10, 11, 12, 15, 18, 19, 20, 21, 22, 23, 26, 27, 28, 29, 32, 33, 34, 35, 38, 39, 40, 42, 43, 44, 47, 49, 51, 54, 55, 56, 57, 58, 59, 60, 62, 65, 66, 67, 68, 69, 70, 71, 73, 76, 77, 78, 79, 81, 85, 86, 87, 90], "summary": {"covered_lines": 56, "num_statements": 63, "percent_covered": 88.88888888888889, "percent_covered_display": "89", "missing_lines": 7, "excluded_lines": 0}, "missing_lines": [48, 50, 61, 72, 80, 82, 88], "excluded_lines": [], "functions": {"parse_mcvrp": {"executed_lines": [10, 11, 12, 15, 18, 19, 20, 21, 22, 23, 26, 27, 28, 29, 32, 33, 34, 35, 38, 39, 40, 42, 43, 44, 47, 49, 51, 54, 55, 56, 57, 58, 59, 60, 62, 65, 66, 67, 68, 69, 70, 71, 73, 76, 77, 78, 79, 81, 85, 86, 87, 90], "summary": {"covered_lines": 52, "num_statements": 59, "percent_covered": 88.13559322033899, "percent_covered_display": "88", "missing_lines": 7, "excluded_lines": 0}, "missing_lines": [48, 50, 61, 72, 80, 82, 88], "excluded_lines": []}, "": {"executed_lines": [1, 3, 4, 5, 8], "summary": {"covered_lines": 4, "num_statements": 4, "percent_covered": 100.0, "percent_covered_display": "100", "missing_lines": 0, "excluded_lines": 0}, "missing_lines": [], "excluded_lines": []}}, "classes": {"": {"executed_lines": [1, 3, 4, 5, 8, 10, 11, 12, 15, 18, 19, 20, 21, 22, 23, 26, 27, 28, 29, 32, 33, 34, 35, 38, 39, 40, 42, 43, 44, 47, 49, 51, 54, 55, 56, 57, 58, 59, 60, 62, 65, 66, 67, 68, 69, 70, 71, 73, 76, 77, 78, 79, 81, 85, 86, 87, 90], "summary": {"covered_lines": 56, "num_statements": 63, "percent_covered": 88.88888888888889, "percent_covered_display": "89", "missing_lines": 7, "excluded_lines": 0}, "missing_lines": [48, 50, 61, 72, 80, 82, 88], "excluded_lines": []}}}, "src/benchmarking/mcvrp_to_fsm.py": {"executed_lines": [1, 5, 7, 8, 10, 11, 12, 13, 15, 24, 27, 28, 31, 32, 33, 34, 35, 36, 44, 47, 49, 50, 52, 54, 62, 64], "summary": {"covered_lines": 25, "num_statements": 25, "percent_covered": 100.0, "percent_covered_display": "100", "missing_lines": 0, "excluded_lines": 0}, "missing_lines": [], "excluded_lines": [], "functions": {"convert_mcvrp_to_fsm": {"executed_lines": [24, 27, 28, 31, 32, 33, 34, 35, 36, 44, 47, 49, 50, 52, 54, 62, 64], "summary": {"covered_lines": 17, "num_statements": 17, "percent_covered": 100.0, "percent_covered_display": "100", "missing_lines": 0, "excluded_lines": 0}, "missing_lines": [], "excluded_lines": []}, "": {"executed_lines": [1, 5, 7, 8, 10, 11, 12, 13, 15], "summary": {"covered_lines": 8, "num_statements": 8, "percent_covered": 100.0, "percent_covered_display": "100", "missing_lines": 0, "excluded_lines": 0}, "missing_lines": [], "excluded_lines": []}}, "classes": {"": {"executed_lines": [1, 5, 7, 8, 10, 11, 12, 13, 15, 24, 27, 28, 31, 32, 33, 34, 35, 36, 44, 47, 49, 50, 52, 54, 62, 64], "summary": {"covered_lines": 25, "num_statements": 25, "percent_covered": 100.0, "percent_covered_display": "100", "missing_lines": 0, "excluded_lines": 0}, "missing_lines": [], "excluded_lines": []}}}, "src/benchmarking/models.py": {"executed_lines": [1, 2, 3, 5, 6, 7, 8, 9, 10, 11, 12, 13, 14, 15, 17], "summary": {"covered_lines": 14, "num_statements": 15, "percent_covered": 93.33333333333333, "percent_covered_display": "93", "missing_lines": 1, "excluded_lines": 0}, "missing_lines": [19], "excluded_lines": [], "functions": {"MCVRPInstance.customers": {"executed_lines": [], "summary": {"covered_lines": 0, "num_statements": 1, "percent_covered": 0.0, "percent_covered_display": "0", "missing_lines": 1, "excluded_lines": 0}, "missing_lines": [19], "excluded_lines": []}, "": {"executed_lines": [1, 2, 3, 5, 6, 7, 8, 9, 10, 11, 12, 13, 14, 15, 17], "summary": {"covered_lines": 14, "num_statements": 14, "percent_covered": 100.0, "percent_covered_display": "100", "missing_lines": 0, "excluded_lines": 0}, "missing_lines": [], "excluded_lines": []}}, "classes": {"MCVRPInstance": {"executed_lines": [], "summary": {"covered_lines": 0, "num_statements": 1, "percent_covered": 0.0, "percent_covered_display": "0", "missing_lines": 1, "excluded_lines": 0}, "missing_lines": [19], "excluded_lines": []}, "": {"executed_lines": [1, 2, 3, 5, 6, 7, 8, 9, 10, 11, 12, 13, 14, 15, 17], "summary": {"covered_lines": 14, "num_statements": 14, "percent_covered": 100.0, "percent_covered_display": "100", "missing_lines": 0, "excluded_lines": 0}, "missing_lines": [], "excluded_lines": []}}}, "src/benchmarking/run_all_mcvrp.py": {"executed_lines": [], "summary": {"covered_lines": 0, "num_statements": 30, "percent_covered": 0.0, "percent_covered_display": "0", "missing_lines": 30, "excluded_lines": 0}, "missing_lines": [2, 3, 5, 7, 8, 9, 11, 12, 13, 14, 15, 16, 18, 19, 20, 21, 22, 24, 25, 26, 27, 28, 29, 34, 35, 42, 43, 64, 66, 67], "excluded_lines": [], "functions": {"main": {"executed_lines": [], "summary": {"covered_lines": 0, "num_statements": 15, "percent_covered": 0.0, "percent_covered_display": "0", "missing_lines": 15, "excluded_lines": 0}, "missing_lines": [19, 20, 21, 22, 24, 25, 26, 27, 28, 29, 34, 35, 42, 43, 64], "excluded_lines": []}, "": {"executed_lines": [], "summary": {"covered_lines": 0, "num_statements": 15, "percent_covered": 0.0, "percent_covered_display": "0", "missing_lines": 15, "excluded_lines": 0}, "missing_lines": [2, 3, 5, 7, 8, 9, 11, 12, 13, 14, 15, 16, 18, 66, 67], "excluded_lines": []}}, "classes": {"": {"executed_lines": [], "summary": {"covered_lines": 0, "num_statements": 30, "percent_covered": 0.0, "percent_covered_display": "0", "missing_lines": 30, "excluded_lines": 0}, "missing_lines": [2, 3, 5, 7, 8, 9, 11, 12, 13, 14, 15, 16, 18, 19, 20, 21, 22, 24, 25, 26, 27, 28, 29, 34, 35, 42, 43, 64, 66, 67], "excluded_lines": []}}}, "src/benchmarking/run_benchmark.py": {"executed_lines": [1, 4, 5, 6, 7, 8, 9, 12, 13, 16, 17, 18, 19, 20, 22, 58, 71, 152], "summary": {"covered_lines": 17, "num_statements": 71, "percent_covered": 23.943661971830984, "percent_covered_display": "24", "missing_lines": 54, "excluded_lines": 0}, "missing_lines": [14, 24, 27, 33, 39, 44, 51, 56, 60, 61, 62, 63, 65, 66, 67, 69, 73, 75, 76, 77, 78, 79, 80, 82, 83, 84, 86, 87, 88, 89, 90, 92, 93, 94, 96, 99, 102, 108, 111, 112, 117, 118, 124, 127, 128, 130, 136, 137, 138, 141, 142, 148, 150, 153], "excluded_lines": [], "functions": {"parse_benchmark_args": {"executed_lines": [], "summary": {"covered_lines": 0, "num_statements": 7, "percent_covered": 0.0, "percent_covered_display": "0", "missing_lines": 7, "excluded_lines": 0}, "missing_lines": [24, 27, 33, 39, 44, 51, 56], "excluded_lines": []}, "print_solution_details": {"executed_lines": [], "summary": {"covered_lines": 0, "num_statements": 8, "percent_covered": 0.0, "percent_covered_display": "0", "missing_lines": 8, "excluded_lines": 0}, "missing_lines": [60, 61, 62, 63, 65, 66, 67, 69], "excluded_lines": []}, "main": {"executed_lines": [], "summary": {"covered_lines": 0, "num_statements": 37, "percent_covered": 0.0, "percent_covered_display": "0", "missing_lines": 37, "excluded_lines": 0}, "missing_lines": [73, 75, 76, 77, 78, 79, 80, 82, 83, 84, 86, 87, 88, 89, 90, 92, 93, 94, 96, 99, 102, 108, 111, 112, 117, 118, 124, 127, 128, 130, 136, 137, 138, 141, 142, 148, 150], "excluded_lines": []}, "": {"executed_lines": [1, 4, 5, 6, 7, 8, 9, 12, 13, 16, 17, 18, 19, 20, 22, 58, 71, 152], "summary": {"covered_lines": 17, "num_statements": 19, "percent_covered": 89.47368421052632, "percent_covered_display": "89", "missing_lines": 2, "excluded_lines": 0}, "missing_lines": [14, 153], "excluded_lines": []}}, "classes": {"": {"executed_lines": [1, 4, 5, 6, 7, 8, 9, 12, 13, 16, 17, 18, 19, 20, 22, 58, 71, 152], "summary": {"covered_lines": 17, "num_statements": 71, "percent_covered": 23.943661971830984, "percent_covered_display": "24", "missing_lines": 54, "excluded_lines": 0}, "missing_lines": [14, 24, 27, 33, 39, 44, 51, 56, 60, 61, 62, 63, 65, 66, 67, 69, 73, 75, 76, 77, 78, 79, 80, 82, 83, 84, 86, 87, 88, 89, 90, 92, 93, 94, 96, 99, 102, 108, 111, 112, 117, 118, 124, 127, 128, 130, 136, 137, 138, 141, 142, 148, 150, 153], "excluded_lines": []}}}, "src/benchmarking/vrp_interface.py": {"executed_lines": [1, 2, 3, 4, 6, 7, 8, 9, 10, 11, 13, 14, 15, 18, 22, 23, 24, 25, 36, 46, 47, 54, 63, 64, 65, 66, 68], "summary": {"covered_lines": 27, "num_statements": 28, "percent_covered": 96.42857142857143, "percent_covered_display": "96", "missing_lines": 1, "excluded_lines": 0}, "missing_lines": [32], "excluded_lines": [], "functions": {"convert_to_fsm": {"executed_lines": [22, 23, 24, 25], "summary": {"covered_lines": 4, "num_statements": 5, "percent_covered": 80.0, "percent_covered_display": "80", "missing_lines": 1, "excluded_lines": 0}, "missing_lines": [32], "excluded_lines": []}, "run_optimization": {"executed_lines": [46, 47, 54, 63, 64, 65, 66, 68], "summary": {"covered_lines": 8, "num_statements": 8, "percent_covered": 100.0, "percent_covered_display": "100", "missing_lines": 0, "excluded_lines": 0}, "missing_lines": [], "excluded_lines": []}, "": {"executed_lines": [1, 2, 3, 4, 6, 7, 8, 9, 10, 11, 13, 14, 15, 18, 36], "summary": {"covered_lines": 15, "num_statements": 15, "percent_covered": 100.0, "percent_covered_display": "100", "missing_lines": 0, "excluded_lines": 0}, "missing_lines": [], "excluded_lines": []}}, "classes": {"VRPType": {"executed_lines": [], "summary": {"covered_lines": 0, "num_statements": 0, "percent_covered": 100.0, "percent_covered_display": "100", "missing_lines": 0, "excluded_lines": 0}, "missing_lines": [], "excluded_lines": []}, "": {"executed_lines": [1, 2, 3, 4, 6, 7, 8, 9, 10, 11, 13, 14, 15, 18, 22, 23, 24, 25, 36, 46, 47, 54, 63, 64, 65, 66, 68], "summary": {"covered_lines": 27, "num_statements": 28, "percent_covered": 96.42857142857143, "percent_covered_display": "96", "missing_lines": 1, "excluded_lines": 0}, "missing_lines": [32], "excluded_lines": []}}}, "src/benchmarking/vrp_solver.py": {"executed_lines": [1, 5, 6, 7, 8, 9, 14, 15, 16, 17, 19, 20, 21, 22, 25, 27, 28, 30, 44, 101, 144, 170, 180, 350, 412, 441, 470, 538, 586], "summary": {"covered_lines": 27, "num_statements": 252, "percent_covered": 10.714285714285714, "percent_covered_display": "11", "missing_lines": 225, "excluded_lines": 0}, "missing_lines": [37, 38, 39, 40, 41, 42, 46, 48, 50, 51, 52, 53, 54, 62, 63, 64, 65, 73, 84, 85, 88, 99, 103, 104, 107, 108, 111, 112, 113, 116, 117, 118, 119, 120, 121, 122, 123, 125, 126, 127, 128, 129, 130, 131, 134, 135, 136, 137, 138, 139, 140, 142, 147, 148, 149, 150, 152, 154, 155, 156, 157, 160, 165, 172, 178, 183, 189, 199, 202, 209, 212, 215, 216, 217, 219, 220, 221, 222, 223, 226, 233, 234, 235, 238, 241, 251, 260, 263, 264, 265, 266, 267, 268, 269, 271, 272, 273, 275, 276, 296, 299, 300, 303, 304, 305, 306, 309, 310, 311, 312, 313, 316, 319, 320, 321, 323, 324, 325, 326, 329, 331, 362, 365, 366, 367, 368, 369, 372, 373, 374, 377, 378, 379, 381, 383, 384, 385, 387, 388, 391, 392, 393, 396, 397, 398, 400, 402, 404, 405, 406, 407, 410, 418, 421, 424, 426, 427, 428, 434, 439, 451, 454, 455, 457, 458, 459, 462, 468, 473, 476, 484, 487, 490, 491, 492, 493, 494, 498, 501, 521, 524, 525, 536, 540, 541, 544, 545, 546, 547, 548, 549, 550, 551, 552, 553, 556, 557, 558, 561, 562, 563, 564, 565, 566, 568, 569, 570, 571, 572, 575, 576, 577, 578, 579, 581, 582, 583, 584, 591, 592, 594, 595, 596, 597, 599], "excluded_lines": [], "functions": {"VRPSolver.__init__": {"executed_lines": [], "summary": {"covered_lines": 0, "num_statements": 6, "percent_covered": 0.0, "percent_covered_display": "0", "missing_lines": 6, "excluded_lines": 0}, "missing_lines": [37, 38, 39, 40, 41, 42], "excluded_lines": []}, "VRPSolver._prepare_model": {"executed_lines": [], "summary": {"covered_lines": 0, "num_statements": 16, "percent_covered": 0.0, "percent_covered_display": "0", "missing_lines": 16, "excluded_lines": 0}, "missing_lines": [46, 48, 50, 51, 52, 53, 54, 62, 63, 64, 65, 73, 84, 85, 88, 99], "excluded_lines": []}, "VRPSolver._calculate_distance_matrix": {"executed_lines": [], "summary": {"covered_lines": 0, "num_statements": 30, "percent_covered": 0.0, "percent_covered_display": "0", "missing_lines": 30, "excluded_lines": 0}, "missing_lines": [103, 104, 107, 108, 111, 112, 113, 116, 117, 118, 119, 120, 121, 122, 123, 125, 126, 127, 128, 129, 130, 131, 134, 135, 136, 137, 138, 139, 140, 142], "excluded_lines": []}, "VRPSolver.solve_scv_parallel": {"executed_lines": [], "summary": {"covered_lines": 0, "num_statements": 11, "percent_covered": 0.0, "percent_covered_display": "0", "missing_lines": 11, "excluded_lines": 0}, "missing_lines": [147, 148, 149, 150, 152, 154, 155, 156, 157, 160, 165], "excluded_lines": []}, "VRPSolver._solve_single_product": {"executed_lines": [], "summary": {"covered_lines": 0, "num_statements": 2, "percent_covered": 0.0, "percent_covered_display": "0", "missing_lines": 2, "excluded_lines": 0}, "missing_lines": [172, 178], "excluded_lines": []}, "VRPSolver.solve_scv": {"executed_lines": [], "summary": {"covered_lines": 0, "num_statements": 56, "percent_covered": 0.0, "percent_covered_display": "0", "missing_lines": 56, "excluded_lines": 0}, "missing_lines": [183, 189, 199, 202, 209, 212, 215, 216, 217, 219, 220, 221, 222, 223, 226, 233, 234, 235, 238, 241, 251, 260, 263, 264, 265, 266, 267, 268, 269, 271, 272, 273, 275, 276, 296, 299, 300, 303, 304, 305, 306, 309, 310, 311, 312, 313, 316, 319, 320, 321, 323, 324, 325, 326, 329, 331], "excluded_lines": []}, "VRPSolver._print_solution": {"executed_lines": [], "summary": {"covered_lines": 0, "num_statements": 31, "percent_covered": 0.0, "percent_covered_display": "0", "missing_lines": 31, "excluded_lines": 0}, "missing_lines": [362, 365, 366, 367, 368, 369, 372, 373, 374, 377, 378, 379, 381, 383, 384, 385, 387, 388, 391, 392, 393, 396, 397, 398, 400, 402, 404, 405, 406, 407, 410], "excluded_lines": []}, "VRPSolver._prepare_multi_compartment_data": {"executed_lines": [], "summary": {"covered_lines": 0, "num_statements": 8, "percent_covered": 0.0, "percent_covered_display": "0", "missing_lines": 8, "excluded_lines": 0}, "missing_lines": [418, 421, 424, 426, 427, 428, 434, 439], "excluded_lines": []}, "VRPSolver._determine_compartment_configuration": {"executed_lines": [], "summary": {"covered_lines": 0, "num_statements": 8, "percent_covered": 0.0, "percent_covered_display": "0", "missing_lines": 8, "excluded_lines": 0}, "missing_lines": [451, 454, 455, 457, 458, 459, 462, 468], "excluded_lines": []}, "VRPSolver.solve_mcv": {"executed_lines": [], "summary": {"covered_lines": 0, "num_statements": 15, "percent_covered": 0.0, "percent_covered_display": "0", "missing_lines": 15, "excluded_lines": 0}, "missing_lines": [473, 476, 484, 487, 490, 491, 492, 493, 494, 498, 501, 521, 524, 525, 536], "excluded_lines": []}, "VRPSolver._print_diagnostic_information": {"executed_lines": [], "summary": {"covered_lines": 0, "num_statements": 35, "percent_covered": 0.0, "percent_covered_display": "0", "missing_lines": 35, "excluded_lines": 0}, "missing_lines": [540, 541, 544, 545, 546, 547, 548, 549, 550, 551, 552, 553, 556, 557, 558, 561, 562, 563, 564, 565, 566, 568, 569, 570, 571, 572, 575, 576, 577, 578, 579, 581, 582, 583, 584], "excluded_lines": []}, "VRPSolver.solve": {"executed_lines": [], "summary": {"covered_lines": 0, "num_statements": 7, "percent_covered": 0.0, "percent_covered_display": "0", "missing_lines": 7, "excluded_lines": 0}, "missing_lines": [591, 592, 594, 595, 596, 597, 599], "excluded_lines": []}, "": {"executed_lines": [1, 5, 6, 7, 8, 9, 14, 15, 16, 17, 19, 20, 21, 22, 25, 27, 28, 30, 44, 101, 144, 170, 180, 350, 412, 441, 470, 538, 586], "summary": {"covered_lines": 27, "num_statements": 27, "percent_covered": 100.0, "percent_covered_display": "100", "missing_lines": 0, "excluded_lines": 0}, "missing_lines": [], "excluded_lines": []}}, "classes": {"VRPSolver": {"executed_lines": [], "summary": {"covered_lines": 0, "num_statements": 225, "percent_covered": 0.0, "percent_covered_display": "0", "missing_lines": 225, "excluded_lines": 0}, "missing_lines": [37, 38, 39, 40, 41, 42, 46, 48, 50, 51, 52, 53, 54, 62, 63, 64, 65, 73, 84, 85, 88, 99, 103, 104, 107, 108, 111, 112, 113, 116, 117, 118, 119, 120, 121, 122, 123, 125, 126, 127, 128, 129, 130, 131, 134, 135, 136, 137, 138, 139, 140, 142, 147, 148, 149, 150, 152, 154, 155, 156, 157, 160, 165, 172, 178, 183, 189, 199, 202, 209, 212, 215, 216, 217, 219, 220, 221, 222, 223, 226, 233, 234, 235, 238, 241, 251, 260, 263, 264, 265, 266, 267, 268, 269, 271, 272, 273, 275, 276, 296, 299, 300, 303, 304, 305, 306, 309, 310, 311, 312, 313, 316, 319, 320, 321, 323, 324, 325, 326, 329, 331, 362, 365, 366, 367, 368, 369, 372, 373, 374, 377, 378, 379, 381, 383, 384, 385, 387, 388, 391, 392, 393, 396, 397, 398, 400, 402, 404, 405, 406, 407, 410, 418, 421, 424, 426, 427, 428, 434, 439, 451, 454, 455, 457, 458, 459, 462, 468, 473, 476, 484, 487, 490, 491, 492, 493, 494, 498, 501, 521, 524, 525, 536, 540, 541, 544, 545, 546, 547, 548, 549, 550, 551, 552, 553, 556, 557, 558, 561, 562, 563, 564, 565, 566, 568, 569, 570, 571, 572, 575, 576, 577, 578, 579, 581, 582, 583, 584, 591, 592, 594, 595, 596, 597, 599], "excluded_lines": []}, "": {"executed_lines": [1, 5, 6, 7, 8, 9, 14, 15, 16, 17, 19, 20, 21, 22, 25, 27, 28, 30, 44, 101, 144, 170, 180, 350, 412, 441, 470, 538, 586], "summary": {"covered_lines": 27, "num_statements": 27, "percent_covered": 100.0, "percent_covered_display": "100", "missing_lines": 0, "excluded_lines": 0}, "missing_lines": [], "excluded_lines": []}}}, "src/benchmarking/vrp_to_fsm.py": {"executed_lines": [1, 4, 5, 6, 7, 8, 9, 12, 13, 14, 16, 17, 18, 19, 20, 23, 24, 27, 32, 41, 46, 53, 59, 64, 69, 72, 73, 74, 75, 76, 77, 81, 82, 86, 89, 90, 91, 92, 93, 95, 96, 97, 99, 102, 103, 105, 106, 107, 109, 110, 116, 117, 119, 122, 123, 127, 128, 129, 132, 133, 134, 135, 137, 138, 144, 166, 168, 169], "summary": {"covered_lines": 67, "num_statements": 70, "percent_covered": 95.71428571428571, "percent_covered_display": "96", "missing_lines": 3, "excluded_lines": 0}, "missing_lines": [100, 108, 130], "excluded_lines": [], "functions": {"_build_parser": {"executed_lines": [24, 27, 32, 41, 46, 53, 59, 64, 69], "summary": {"covered_lines": 9, "num_statements": 9, "percent_covered": 100.0, "percent_covered_display": "100", "missing_lines": 0, "excluded_lines": 0}, "missing_lines": [], "excluded_lines": []}, "_print_info": {"executed_lines": [73, 74, 75, 76, 77, 81, 82, 86], "summary": {"covered_lines": 8, "num_statements": 8, "percent_covered": 100.0, "percent_covered_display": "100", "missing_lines": 0, "excluded_lines": 0}, "missing_lines": [], "excluded_lines": []}, "main": {"executed_lines": [90, 91, 92, 93, 95, 96, 97, 99, 102, 103, 105, 106, 107, 109, 110, 116, 117, 119, 122, 123, 127, 128, 129, 132, 133, 134, 135, 137, 138, 144, 166], "summary": {"covered_lines": 31, "num_statements": 34, "percent_covered": 91.17647058823529, "percent_covered_display": "91", "missing_lines": 3, "excluded_lines": 0}, "missing_lines": [100, 108, 130], "excluded_lines": []}, "": {"executed_lines": [1, 4, 5, 6, 7, 8, 9, 12, 13, 14, 16, 17, 18, 19, 20, 23, 72, 89, 168, 169], "summary": {"covered_lines": 19, "num_statements": 19, "percent_covered": 100.0, "percent_covered_display": "100", "missing_lines": 0, "excluded_lines": 0}, "missing_lines": [], "excluded_lines": []}}, "classes": {"": {"executed_lines": [1, 4, 5, 6, 7, 8, 9, 12, 13, 14, 16, 17, 18, 19, 20, 23, 24, 27, 32, 41, 46, 53, 59, 64, 69, 72, 73, 74, 75, 76, 77, 81, 82, 86, 89, 90, 91, 92, 93, 95, 96, 97, 99, 102, 103, 105, 106, 107, 109, 110, 116, 117, 119, 122, 123, 127, 128, 129, 132, 133, 134, 135, 137, 138, 144, 166, 168, 169], "summary": {"covered_lines": 67, "num_statements": 70, "percent_covered": 95.71428571428571, "percent_covered_display": "96", "missing_lines": 3, "excluded_lines": 0}, "missing_lines": [100, 108, 130], "excluded_lines": []}}}, "src/clustering.py": {"executed_lines": [1, 5, 6, 7, 8, 9, 10, 11, 12, 13, 14, 15, 16, 17, 18, 19, 21, 24, 25, 26, 27, 29, 31, 32, 33, 34, 35, 36, 37, 38, 39, 40, 41, 42, 43, 45, 47, 59, 60, 61, 63, 64, 65, 66, 67, 68, 69, 70, 71, 72, 73, 74, 75, 76, 78, 84, 88, 89, 90, 92, 93, 95, 103, 104, 107, 108, 111, 112, 113, 114, 117, 122, 123, 126, 127, 130, 131, 132, 133, 136, 138, 140, 142, 143, 144, 145, 146, 147, 148, 149, 158, 165, 168, 169, 170, 173, 176, 177, 179, 186, 189, 190, 192, 195, 205, 206, 208, 224, 225, 230, 231, 232, 234, 237, 238, 243, 246, 249, 252, 253, 254, 256, 258, 261, 264, 265, 266, 270, 283, 284, 286, 287, 288, 290, 292, 297, 300, 301, 302, 305, 307, 308, 310, 312, 322, 323, 324, 327, 330, 332, 338, 345, 352, 356, 358, 359, 361, 363, 365, 366, 367, 368, 369, 371, 377, 380, 387, 393, 395, 396, 397, 399, 401, 403, 417, 422, 425, 431, 432, 434, 436, 445, 452, 455, 460, 462, 468, 474, 475, 478, 479, 480, 481, 482, 483, 484, 486, 489, 491, 501, 508, 514, 526, 528, 536, 537, 538, 539, 542, 547, 549, 550, 552, 553, 554, 557, 559, 567, 568, 571, 572, 575, 576, 577, 579, 580, 583, 584, 592, 594, 595, 597, 600, 602, 604, 605, 606, 607, 608, 610, 613, 615, 621, 623, 624, 625, 627, 628, 629, 631, 632, 634, 636, 642, 643, 644, 645, 646, 647, 649, 655, 659, 660, 661, 662, 665, 668, 669, 675, 677, 678, 680, 689, 695, 697, 702, 704, 706, 708, 711, 715, 717, 718, 720, 721, 723, 725, 729, 743, 744, 747, 748, 749, 755, 758, 759, 769, 770, 772, 773], "summary": {"covered_lines": 296, "num_statements": 308, "percent_covered": 96.1038961038961, "percent_covered_display": "96", "missing_lines": 12, "excluded_lines": 0}, "missing_lines": [155, 156, 226, 227, 244, 245, 293, 294, 456, 611, 656, 707], "excluded_lines": [], "functions": {"Cluster.to_dict": {"executed_lines": [47, 59, 60, 61], "summary": {"covered_lines": 4, "num_statements": 4, "percent_covered": 100.0, "percent_covered_display": "100", "missing_lines": 0, "excluded_lines": 0}, "missing_lines": [], "excluded_lines": []}, "compute_cluster_metric_input": {"executed_lines": [84, 88, 89, 90, 92, 93], "summary": {"covered_lines": 6, "num_statements": 6, "percent_covered": 100.0, "percent_covered_display": "100", "missing_lines": 0, "excluded_lines": 0}, "missing_lines": [], "excluded_lines": []}, "compute_composite_distance": {"executed_lines": [103, 104, 107, 108, 111, 112, 113, 114, 117, 122, 123, 126, 127, 130, 131, 132, 133, 136, 138], "summary": {"covered_lines": 19, "num_statements": 19, "percent_covered": 100.0, "percent_covered_display": "100", "missing_lines": 0, "excluded_lines": 0}, "missing_lines": [], "excluded_lines": []}, "get_clustering_model": {"executed_lines": [142, 143, 144, 145, 146, 147, 148, 149], "summary": {"covered_lines": 8, "num_statements": 10, "percent_covered": 80.0, "percent_covered_display": "80", "missing_lines": 2, "excluded_lines": 0}, "missing_lines": [155, 156], "excluded_lines": []}, "get_cached_demand": {"executed_lines": [165, 168, 169, 170, 173, 176, 177], "summary": {"covered_lines": 7, "num_statements": 7, "percent_covered": 100.0, "percent_covered_display": "100", "missing_lines": 0, "excluded_lines": 0}, "missing_lines": [], "excluded_lines": []}, "get_cached_route_time": {"executed_lines": [186, 189, 190, 192, 195, 205, 206], "summary": {"covered_lines": 7, "num_statements": 7, "percent_covered": 100.0, "percent_covered_display": "100", "missing_lines": 0, "excluded_lines": 0}, "missing_lines": [], "excluded_lines": []}, "generate_clusters_for_configurations": {"executed_lines": [224, 225, 230, 231, 232, 234, 237, 238, 243, 246, 249, 252, 253, 254, 256, 258, 261, 264, 265, 266, 270, 283, 284, 286, 287, 288, 290, 292, 297, 300, 301, 302, 305, 307, 308, 310], "summary": {"covered_lines": 36, "num_statements": 42, "percent_covered": 85.71428571428571, "percent_covered_display": "86", "missing_lines": 6, "excluded_lines": 0}, "missing_lines": [226, 227, 244, 245, 293, 294], "excluded_lines": []}, "process_configuration": {"executed_lines": [322, 323, 324, 327, 330], "summary": {"covered_lines": 5, "num_statements": 5, "percent_covered": 100.0, "percent_covered_display": "100", "missing_lines": 0, "excluded_lines": 0}, "missing_lines": [], "excluded_lines": []}, "get_feasible_customers_subset": {"executed_lines": [338], "summary": {"covered_lines": 1, "num_statements": 1, "percent_covered": 100.0, "percent_covered_display": "100", "missing_lines": 0, "excluded_lines": 0}, "missing_lines": [], "excluded_lines": []}, "create_initial_clusters": {"executed_lines": [352, 356, 358, 359, 361], "summary": {"covered_lines": 5, "num_statements": 5, "percent_covered": 100.0, "percent_covered_display": "100", "missing_lines": 0, "excluded_lines": 0}, "missing_lines": [], "excluded_lines": []}, "create_small_dataset_clusters": {"executed_lines": [365, 366, 367, 368, 369], "summary": {"covered_lines": 5, "num_statements": 5, "percent_covered": 100.0, "percent_covered_display": "100", "missing_lines": 0, "excluded_lines": 0}, "missing_lines": [], "excluded_lines": []}, "create_normal_dataset_clusters": {"executed_lines": [377, 380, 387, 393, 395, 396, 397], "summary": {"covered_lines": 7, "num_statements": 7, "percent_covered": 100.0, "percent_covered_display": "100", "missing_lines": 0, "excluded_lines": 0}, "missing_lines": [], "excluded_lines": []}, "generate_cluster_id_base": {"executed_lines": [401], "summary": {"covered_lines": 1, "num_statements": 1, "percent_covered": 100.0, "percent_covered_display": "100", "missing_lines": 0, "excluded_lines": 0}, "missing_lines": [], "excluded_lines": []}, "check_constraints": {"executed_lines": [417, 422, 425, 431, 432, 434], "summary": {"covered_lines": 6, "num_statements": 6, "percent_covered": 100.0, "percent_covered_display": "100", "missing_lines": 0, "excluded_lines": 0}, "missing_lines": [], "excluded_lines": []}, "should_split_cluster": {"executed_lines": [445, 452, 455, 460], "summary": {"covered_lines": 4, "num_statements": 5, "percent_covered": 80.0, "percent_covered_display": "80", "missing_lines": 1, "excluded_lines": 0}, "missing_lines": [456], "excluded_lines": []}, "split_cluster": {"executed_lines": [468, 474, 475, 478, 479, 480, 481, 482, 483, 484, 486, 489], "summary": {"covered_lines": 12, "num_statements": 12, "percent_covered": 100.0, "percent_covered_display": "100", "missing_lines": 0, "excluded_lines": 0}, "missing_lines": [], "excluded_lines": []}, "create_cluster": {"executed_lines": [501, 508, 514, 526], "summary": {"covered_lines": 4, "num_statements": 4, "percent_covered": 100.0, "percent_covered_display": "100", "missing_lines": 0, "excluded_lines": 0}, "missing_lines": [], "excluded_lines": []}, "process_clusters_recursively": {"executed_lines": [536, 537, 538, 539, 542, 547, 549, 550, 552, 553, 554, 557, 559, 567, 568, 571, 572, 575, 576, 577, 579, 580, 583, 584, 592, 594, 595, 597, 600], "summary": {"covered_lines": 29, "num_statements": 29, "percent_covered": 100.0, "percent_covered_display": "100", "missing_lines": 0, "excluded_lines": 0}, "missing_lines": [], "excluded_lines": []}, "validate_cluster_coverage": {"executed_lines": [604, 605, 606, 607, 608, 610, 613], "summary": {"covered_lines": 7, "num_statements": 8, "percent_covered": 87.5, "percent_covered_display": "88", "missing_lines": 1, "excluded_lines": 0}, "missing_lines": [611], "excluded_lines": []}, "_generate_feasibility_mapping": {"executed_lines": [621, 623, 624, 625, 627, 628, 629, 631, 632, 634], "summary": {"covered_lines": 10, "num_statements": 10, "percent_covered": 100.0, "percent_covered_display": "100", "missing_lines": 0, "excluded_lines": 0}, "missing_lines": [], "excluded_lines": []}, "_is_customer_feasible": {"executed_lines": [642, 643, 644, 645, 646, 647], "summary": {"covered_lines": 6, "num_statements": 6, "percent_covered": 100.0, "percent_covered_display": "100", "missing_lines": 0, "excluded_lines": 0}, "missing_lines": [], "excluded_lines": []}, "estimate_num_initial_clusters": {"executed_lines": [655, 659, 660, 661, 662, 665, 668, 669, 675, 677, 678, 680, 689, 695, 697, 702], "summary": {"covered_lines": 16, "num_statements": 17, "percent_covered": 94.11764705882354, "percent_covered_display": "94", "missing_lines": 1, "excluded_lines": 0}, "missing_lines": [656], "excluded_lines": []}, "_deduplicate_clusters": {"executed_lines": [706, 708, 711, 715, 717, 718, 720, 721], "summary": {"covered_lines": 8, "num_statements": 9, "percent_covered": 88.88888888888889, "percent_covered_display": "89", "missing_lines": 1, "excluded_lines": 0}, "missing_lines": [707], "excluded_lines": []}, "_get_clustering_settings_list": {"executed_lines": [725, 729, 743, 744, 747, 748, 749, 755, 758, 759, 769, 770, 772, 773], "summary": {"covered_lines": 14, "num_statements": 14, "percent_covered": 100.0, "percent_covered_display": "100", "missing_lines": 0, "excluded_lines": 0}, "missing_lines": [], "excluded_lines": []}, "": {"executed_lines": [1, 5, 6, 7, 8, 9, 10, 11, 12, 13, 14, 15, 16, 17, 18, 19, 21, 24, 25, 26, 27, 29, 31, 32, 33, 34, 35, 36, 37, 38, 39, 40, 41, 42, 43, 45, 63, 64, 65, 66, 67, 68, 69, 70, 71, 72, 73, 74, 75, 76, 78, 95, 140, 158, 179, 208, 312, 332, 345, 363, 371, 399, 403, 436, 462, 491, 528, 602, 615, 636, 649, 704, 723], "summary": {"covered_lines": 69, "num_statements": 69, "percent_covered": 100.0, "percent_covered_display": "100", "missing_lines": 0, "excluded_lines": 0}, "missing_lines": [], "excluded_lines": []}}, "classes": {"Symbols": {"executed_lines": [], "summary": {"covered_lines": 0, "num_statements": 0, "percent_covered": 100.0, "percent_covered_display": "100", "missing_lines": 0, "excluded_lines": 0}, "missing_lines": [], "excluded_lines": []}, "Cluster": {"executed_lines": [47, 59, 60, 61], "summary": {"covered_lines": 4, "num_statements": 4, "percent_covered": 100.0, "percent_covered_display": "100", "missing_lines": 0, "excluded_lines": 0}, "missing_lines": [], "excluded_lines": []}, "ClusteringSettings": {"executed_lines": [], "summary": {"covered_lines": 0, "num_statements": 0, "percent_covered": 100.0, "percent_covered_display": "100", "missing_lines": 0, "excluded_lines": 0}, "missing_lines": [], "excluded_lines": []}, "": {"executed_lines": [1, 5, 6, 7, 8, 9, 10, 11, 12, 13, 14, 15, 16, 17, 18, 19, 21, 24, 25, 26, 27, 29, 31, 32, 33, 34, 35, 36, 37, 38, 39, 40, 41, 42, 43, 45, 63, 64, 65, 66, 67, 68, 69, 70, 71, 72, 73, 74, 75, 76, 78, 84, 88, 89, 90, 92, 93, 95, 103, 104, 107, 108, 111, 112, 113, 114, 117, 122, 123, 126, 127, 130, 131, 132, 133, 136, 138, 140, 142, 143, 144, 145, 146, 147, 148, 149, 158, 165, 168, 169, 170, 173, 176, 177, 179, 186, 189, 190, 192, 195, 205, 206, 208, 224, 225, 230, 231, 232, 234, 237, 238, 243, 246, 249, 252, 253, 254, 256, 258, 261, 264, 265, 266, 270, 283, 284, 286, 287, 288, 290, 292, 297, 300, 301, 302, 305, 307, 308, 310, 312, 322, 323, 324, 327, 330, 332, 338, 345, 352, 356, 358, 359, 361, 363, 365, 366, 367, 368, 369, 371, 377, 380, 387, 393, 395, 396, 397, 399, 401, 403, 417, 422, 425, 431, 432, 434, 436, 445, 452, 455, 460, 462, 468, 474, 475, 478, 479, 480, 481, 482, 483, 484, 486, 489, 491, 501, 508, 514, 526, 528, 536, 537, 538, 539, 542, 547, 549, 550, 552, 553, 554, 557, 559, 567, 568, 571, 572, 575, 576, 577, 579, 580, 583, 584, 592, 594, 595, 597, 600, 602, 604, 605, 606, 607, 608, 610, 613, 615, 621, 623, 624, 625, 627, 628, 629, 631, 632, 634, 636, 642, 643, 644, 645, 646, 647, 649, 655, 659, 660, 661, 662, 665, 668, 669, 675, 677, 678, 680, 689, 695, 697, 702, 704, 706, 708, 711, 715, 717, 718, 720, 721, 723, 725, 729, 743, 744, 747, 748, 749, 755, 758, 759, 769, 770, 772, 773], "summary": {"covered_lines": 292, "num_statements": 304, "percent_covered": 96.05263157894737, "percent_covered_display": "96", "missing_lines": 12, "excluded_lines": 0}, "missing_lines": [155, 156, 226, 227, 244, 245, 293, 294, 456, 611, 656, 707], "excluded_lines": []}}}, "src/config/__init__.py": {"executed_lines": [0], "summary": {"covered_lines": 0, "num_statements": 0, "percent_covered": 100.0, "percent_covered_display": "100", "missing_lines": 0, "excluded_lines": 0}, "missing_lines": [], "excluded_lines": [], "functions": {"": {"executed_lines": [], "summary": {"covered_lines": 0, "num_statements": 0, "percent_covered": 100.0, "percent_covered_display": "100", "missing_lines": 0, "excluded_lines": 0}, "missing_lines": [], "excluded_lines": []}}, "classes": {"": {"executed_lines": [], "summary": {"covered_lines": 0, "num_statements": 0, "percent_covered": 100.0, "percent_covered_display": "100", "missing_lines": 0, "excluded_lines": 0}, "missing_lines": [], "excluded_lines": []}}}, "src/config/parameters.py": {"executed_lines": [1, 2, 3, 4, 6, 7, 8, 9, 10, 11, 12, 13, 14, 15, 16, 17, 18, 19, 20, 21, 22, 23, 25, 26, 28, 29, 31, 32, 33, 35, 38, 39, 41, 42], "summary": {"covered_lines": 33, "num_statements": 33, "percent_covered": 100.0, "percent_covered_display": "100", "missing_lines": 0, "excluded_lines": 0}, "missing_lines": [], "excluded_lines": [], "functions": {"Parameters.from_yaml": {"executed_lines": [28, 29, 31, 32, 33], "summary": {"covered_lines": 5, "num_statements": 5, "percent_covered": 100.0, "percent_covered_display": "100", "missing_lines": 0, "excluded_lines": 0}, "missing_lines": [], "excluded_lines": []}, "Parameters.__post_init__": {"executed_lines": [38, 39, 41, 42], "summary": {"covered_lines": 4, "num_statements": 4, "percent_covered": 100.0, "percent_covered_display": "100", "missing_lines": 0, "excluded_lines": 0}, "missing_lines": [], "excluded_lines": []}, "": {"executed_lines": [1, 2, 3, 4, 6, 7, 8, 9, 10, 11, 12, 13, 14, 15, 16, 17, 18, 19, 20, 21, 22, 23, 25, 26, 35], "summary": {"covered_lines": 24, "num_statements": 24, "percent_covered": 100.0, "percent_covered_display": "100", "missing_lines": 0, "excluded_lines": 0}, "missing_lines": [], "excluded_lines": []}}, "classes": {"Parameters": {"executed_lines": [28, 29, 31, 32, 33, 38, 39, 41, 42], "summary": {"covered_lines": 9, "num_statements": 9, "percent_covered": 100.0, "percent_covered_display": "100", "missing_lines": 0, "excluded_lines": 0}, "missing_lines": [], "excluded_lines": []}, "": {"executed_lines": [1, 2, 3, 4, 6, 7, 8, 9, 10, 11, 12, 13, 14, 15, 16, 17, 18, 19, 20, 21, 22, 23, 25, 26, 35], "summary": {"covered_lines": 24, "num_statements": 24, "percent_covered": 100.0, "percent_covered_display": "100", "missing_lines": 0, "excluded_lines": 0}, "missing_lines": [], "excluded_lines": []}}}, "src/core_types.py": {"executed_lines": [1, 2, 3, 5, 6, 7, 8, 9, 10, 11, 12, 13, 14, 15, 16, 17, 18, 19, 20, 21, 22, 23, 25, 26, 27, 28], "summary": {"covered_lines": 24, "num_statements": 24, "percent_covered": 100.0, "percent_covered_display": "100", "missing_lines": 0, "excluded_lines": 0}, "missing_lines": [], "excluded_lines": [], "functions": {"": {"executed_lines": [1, 2, 3, 5, 6, 7, 8, 9, 10, 11, 12, 13, 14, 15, 16, 17, 18, 19, 20, 21, 22, 23, 25, 26, 27, 28], "summary": {"covered_lines": 24, "num_statements": 24, "percent_covered": 100.0, "percent_covered_display": "100", "missing_lines": 0, "excluded_lines": 0}, "missing_lines": [], "excluded_lines": []}}, "classes": {"VRPSolution": {"executed_lines": [], "summary": {"covered_lines": 0, "num_statements": 0, "percent_covered": 100.0, "percent_covered_display": "100", "missing_lines": 0, "excluded_lines": 0}, "missing_lines": [], "excluded_lines": []}, "BenchmarkType": {"executed_lines": [], "summary": {"covered_lines": 0, "num_statements": 0, "percent_covered": 100.0, "percent_covered_display": "100", "missing_lines": 0, "excluded_lines": 0}, "missing_lines": [], "excluded_lines": []}, "": {"executed_lines": [1, 2, 3, 5, 6, 7, 8, 9, 10, 11, 12, 13, 14, 15, 16, 17, 18, 19, 20, 21, 22, 23, 25, 26, 27, 28], "summary": {"covered_lines": 24, "num_statements": 24, "percent_covered": 100.0, "percent_covered_display": "100", "missing_lines": 0, "excluded_lines": 0}, "missing_lines": [], "excluded_lines": []}}}, "src/fsm_optimizer.py": {"executed_lines": [1, 7, 8, 9, 10, 11, 12, 13, 15, 16, 17, 18, 20, 22, 45, 48, 49, 50, 51, 52, 53, 55, 56, 59, 65, 66, 73, 74, 79, 89, 98, 99, 100, 101, 107, 108, 111, 113, 115, 123, 126, 129, 130, 131, 134, 135, 136, 139, 145, 146, 147, 148, 149, 150, 152, 153, 155, 156, 159, 163, 164, 167, 168, 170, 171, 172, 173, 176, 177, 178, 179, 180, 183, 184, 185, 186, 187, 189, 190, 191, 194, 195, 201, 202, 207, 210, 218, 219, 227, 228, 233, 234, 235, 237, 239, 245, 250, 251, 252, 253, 257, 262, 264, 266, 274, 276, 277, 278, 279, 281, 282, 283, 288, 289, 294, 295, 302, 304, 398, 409, 416, 427, 434, 435, 440, 443, 449, 451, 462, 484, 485, 486, 489, 490, 491, 492, 495, 497], "summary": {"covered_lines": 137, "num_statements": 170, "percent_covered": 80.58823529411765, "percent_covered_display": "81", "missing_lines": 33, "excluded_lines": 0}, "missing_lines": [60, 61, 62, 311, 312, 315, 316, 322, 323, 324, 328, 332, 336, 340, 346, 347, 348, 349, 355, 358, 359, 360, 368, 369, 370, 373, 378, 380, 381, 382, 390, 391, 392], "excluded_lines": [], "functions": {"solve_fsm_problem": {"executed_lines": [45, 48, 49, 50, 51, 52, 53, 55, 56, 59, 65, 66, 73, 74, 79, 89, 98, 99, 100, 101, 107, 108, 111, 113], "summary": {"covered_lines": 24, "num_statements": 27, "percent_covered": 88.88888888888889, "percent_covered_display": "89", "missing_lines": 3, "excluded_lines": 0}, "missing_lines": [60, 61, 62], "excluded_lines": []}, "_create_model": {"executed_lines": [123, 126, 129, 130, 131, 134, 135, 136, 139, 145, 146, 147, 148, 149, 150, 152, 153, 155, 156, 159, 163, 164, 167, 168, 170, 171, 172, 173, 176, 177, 178, 179, 180, 183, 184, 185, 186, 187, 189, 190, 191, 194, 195, 201, 202, 207, 210, 218, 219, 227, 228, 233, 234, 235, 237], "summary": {"covered_lines": 55, "num_statements": 55, "percent_covered": 100.0, "percent_covered_display": "100", "missing_lines": 0, "excluded_lines": 0}, "missing_lines": [], "excluded_lines": []}, "_extract_solution": {"executed_lines": [245, 250, 251, 252, 253, 257, 262, 264], "summary": {"covered_lines": 8, "num_statements": 8, "percent_covered": 100.0, "percent_covered_display": "100", "missing_lines": 0, "excluded_lines": 0}, "missing_lines": [], "excluded_lines": []}, "_validate_solution": {"executed_lines": [274, 276, 277, 278, 279, 281, 282, 283, 288, 289, 294, 295, 302], "summary": {"covered_lines": 13, "num_statements": 13, "percent_covered": 100.0, "percent_covered_display": "100", "missing_lines": 0, "excluded_lines": 0}, "missing_lines": [], "excluded_lines": []}, "_print_solution_details": {"executed_lines": [], "summary": {"covered_lines": 0, "num_statements": 30, "percent_covered": 0.0, "percent_covered_display": "0", "missing_lines": 30, "excluded_lines": 0}, "missing_lines": [311, 312, 315, 316, 322, 323, 324, 328, 332, 336, 340, 346, 347, 348, 349, 355, 358, 359, 360, 368, 369, 370, 373, 378, 380, 381, 382, 390, 391, 392], "excluded_lines": []}, "_calculate_solution_statistics": {"executed_lines": [409, 416, 427, 434, 435, 440, 443, 449, 451], "summary": {"covered_lines": 9, "num_statements": 9, "percent_covered": 100.0, "percent_covered_display": "100", "missing_lines": 0, "excluded_lines": 0}, "missing_lines": [], "excluded_lines": []}, "_calculate_cluster_cost": {"executed_lines": [484, 485, 486, 489, 490, 491, 492, 495, 497], "summary": {"covered_lines": 9, "num_statements": 9, "percent_covered": 100.0, "percent_covered_display": "100", "missing_lines": 0, "excluded_lines": 0}, "missing_lines": [], "excluded_lines": []}, "": {"executed_lines": [1, 7, 8, 9, 10, 11, 12, 13, 15, 16, 17, 18, 20, 22, 115, 239, 266, 304, 398, 462], "summary": {"covered_lines": 19, "num_statements": 19, "percent_covered": 100.0, "percent_covered_display": "100", "missing_lines": 0, "excluded_lines": 0}, "missing_lines": [], "excluded_lines": []}}, "classes": {"": {"executed_lines": [1, 7, 8, 9, 10, 11, 12, 13, 15, 16, 17, 18, 20, 22, 45, 48, 49, 50, 51, 52, 53, 55, 56, 59, 65, 66, 73, 74, 79, 89, 98, 99, 100, 101, 107, 108, 111, 113, 115, 123, 126, 129, 130, 131, 134, 135, 136, 139, 145, 146, 147, 148, 149, 150, 152, 153, 155, 156, 159, 163, 164, 167, 168, 170, 171, 172, 173, 176, 177, 178, 179, 180, 183, 184, 185, 186, 187, 189, 190, 191, 194, 195, 201, 202, 207, 210, 218, 219, 227, 228, 233, 234, 235, 237, 239, 245, 250, 251, 252, 253, 257, 262, 264, 266, 274, 276, 277, 278, 279, 281, 282, 283, 288, 289, 294, 295, 302, 304, 398, 409, 416, 427, 434, 435, 440, 443, 449, 451, 462, 484, 485, 486, 489, 490, 491, 492, 495, 497], "summary": {"covered_lines": 137, "num_statements": 170, "percent_covered": 80.58823529411765, "percent_covered_display": "81", "missing_lines": 33, "excluded_lines": 0}, "missing_lines": [60, 61, 62, 311, 312, 315, 316, 322, 323, 324, 328, 332, 336, 340, 346, 347, 348, 349, 355, 358, 359, 360, 368, 369, 370, 373, 378, 380, 381, 382, 390, 391, 392], "excluded_lines": []}}}, "src/main.py": {"executed_lines": [1, 4, 5, 6, 7, 10, 11, 14, 15, 16, 17, 18, 19, 20, 22, 25, 26, 29, 33, 34, 37, 45, 46, 49, 50, 53, 54, 57, 62, 65, 72, 77, 95, 96, 98], "summary": {"covered_lines": 34, "num_statements": 38, "percent_covered": 89.47368421052632, "percent_covered_display": "89", "missing_lines": 4, "excluded_lines": 0}, "missing_lines": [12, 30, 31, 99], "excluded_lines": [], "functions": {"main": {"executed_lines": [25, 26, 29, 33, 34, 37, 45, 46, 49, 50, 53, 54, 57, 62, 65, 72, 77, 95, 96], "summary": {"covered_lines": 19, "num_statements": 21, "percent_covered": 90.47619047619048, "percent_covered_display": "90", "missing_lines": 2, "excluded_lines": 0}, "missing_lines": [30, 31], "excluded_lines": []}, "": {"executed_lines": [1, 4, 5, 6, 7, 10, 11, 14, 15, 16, 17, 18, 19, 20, 22, 98], "summary": {"covered_lines": 15, "num_statements": 17, "percent_covered": 88.23529411764706, "percent_covered_display": "88", "missing_lines": 2, "excluded_lines": 0}, "missing_lines": [12, 99], "excluded_lines": []}}, "classes": {"": {"executed_lines": [1, 4, 5, 6, 7, 10, 11, 14, 15, 16, 17, 18, 19, 20, 22, 25, 26, 29, 33, 34, 37, 45, 46, 49, 50, 53, 54, 57, 62, 65, 72, 77, 95, 96, 98], "summary": {"covered_lines": 34, "num_statements": 38, "percent_covered": 89.47368421052632, "percent_covered_display": "89", "missing_lines": 4, "excluded_lines": 0}, "missing_lines": [12, 30, 31, 99], "excluded_lines": []}}}, "src/post_optimization.py": {"executed_lines": [1, 3, 4, 5, 7, 8, 10, 12, 14, 15, 17, 25, 27, 28, 31, 32, 33, 36, 37, 39, 42, 43, 48, 49, 55, 62, 63, 64, 66, 69, 73, 74, 75, 78, 81, 87, 94, 96, 103, 104, 113, 118, 120, 123, 126, 127, 132, 138, 139, 140, 142, 145, 150, 155, 159, 167, 168, 171, 178, 179, 182, 187, 199, 202, 203, 205, 207, 208, 212, 218, 220, 229, 230, 232, 233, 234, 237, 238, 241, 242, 244, 251, 256, 263, 266], "summary": {"covered_lines": 84, "num_statements": 95, "percent_covered": 88.42105263157895, "percent_covered_display": "88", "missing_lines": 11, "excluded_lines": 0}, "missing_lines": [44, 45, 50, 76, 121, 151, 152, 156, 157, 253, 264], "excluded_lines": [], "functions": {"improve_solution": {"executed_lines": [25, 27, 28, 31, 32, 33, 36, 37, 39, 42, 43, 48, 49, 55, 62, 63, 64, 66, 69, 73, 74, 75, 78, 81, 87, 94], "summary": {"covered_lines": 26, "num_statements": 30, "percent_covered": 86.66666666666667, "percent_covered_display": "87", "missing_lines": 4, "excluded_lines": 0}, "missing_lines": [44, 45, 50, 76], "excluded_lines": []}, "generate_post_optimization_merges": {"executed_lines": [103, 104, 113, 118, 120, 123, 126, 127, 132, 138, 139, 140, 142, 145, 150, 155, 159, 167, 168, 171, 178, 179, 182, 187, 199, 202, 203, 205, 207, 208, 212, 218], "summary": {"covered_lines": 32, "num_statements": 37, "percent_covered": 86.48648648648648, "percent_covered_display": "86", "missing_lines": 5, "excluded_lines": 0}, "missing_lines": [121, 151, 152, 156, 157], "excluded_lines": []}, "validate_merged_cluster": {"executed_lines": [229, 230, 232, 233, 234, 237, 238, 241, 242, 244, 251, 256, 263, 266], "summary": {"covered_lines": 14, "num_statements": 16, "percent_covered": 87.5, "percent_covered_display": "88", "missing_lines": 2, "excluded_lines": 0}, "missing_lines": [253, 264], "excluded_lines": []}, "": {"executed_lines": [1, 3, 4, 5, 7, 8, 10, 12, 14, 15, 17, 96, 220], "summary": {"covered_lines": 12, "num_statements": 12, "percent_covered": 100.0, "percent_covered_display": "100", "missing_lines": 0, "excluded_lines": 0}, "missing_lines": [], "excluded_lines": []}}, "classes": {"": {"executed_lines": [1, 3, 4, 5, 7, 8, 10, 12, 14, 15, 17, 25, 27, 28, 31, 32, 33, 36, 37, 39, 42, 43, 48, 49, 55, 62, 63, 64, 66, 69, 73, 74, 75, 78, 81, 87, 94, 96, 103, 104, 113, 118, 120, 123, 126, 127, 132, 138, 139, 140, 142, 145, 150, 155, 159, 167, 168, 171, 178, 179, 182, 187, 199, 202, 203, 205, 207, 208, 212, 218, 220, 229, 230, 232, 233, 234, 237, 238, 241, 242, 244, 251, 256, 263, 266], "summary": {"covered_lines": 84, "num_statements": 95, "percent_covered": 88.42105263157895, "percent_covered_display": "88", "missing_lines": 11, "excluded_lines": 0}, "missing_lines": [44, 45, 50, 76, 121, 151, 152, 156, 157, 253, 264], "excluded_lines": []}}}, "src/utils/__init__.py": {"executed_lines": [0], "summary": {"covered_lines": 0, "num_statements": 0, "percent_covered": 100.0, "percent_covered_display": "100", "missing_lines": 0, "excluded_lines": 0}, "missing_lines": [], "excluded_lines": [], "functions": {"": {"executed_lines": [], "summary": {"covered_lines": 0, "num_statements": 0, "percent_covered": 100.0, "percent_covered_display": "100", "missing_lines": 0, "excluded_lines": 0}, "missing_lines": [], "excluded_lines": []}}, "classes": {"": {"executed_lines": [], "summary": {"covered_lines": 0, "num_statements": 0, "percent_covered": 100.0, "percent_covered_display": "100", "missing_lines": 0, "excluded_lines": 0}, "missing_lines": [], "excluded_lines": []}}}, "src/utils/cli.py": {"executed_lines": [1, 2, 3, 4, 5, 6, 8, 117, 119, 125, 132, 133, 134, 135, 136, 137, 138, 139, 144, 145, 151, 157, 163, 164, 165, 173, 175, 178, 181, 182, 185, 187, 189, 192, 193, 195, 198, 202, 203, 204, 206, 207, 208, 209, 210, 211, 212, 213, 214, 215, 217, 220, 221, 222, 223, 225], "summary": {"covered_lines": 56, "num_statements": 59, "percent_covered": 94.91525423728814, "percent_covered_display": "95", "missing_lines": 3, "excluded_lines": 0}, "missing_lines": [10, 114, 115], "excluded_lines": [], "functions": {"print_parameter_help": {"executed_lines": [], "summary": {"covered_lines": 0, "num_statements": 3, "percent_covered": 0.0, "percent_covered_display": "0", "missing_lines": 3, "excluded_lines": 0}, "missing_lines": [10, 114, 115], "excluded_lines": []}, "parse_args": {"executed_lines": [119, 125, 132, 133, 134, 135, 136, 137, 138, 139, 144, 145, 151, 157, 163, 164, 165, 173], "summary": {"covered_lines": 18, "num_statements": 18, "percent_covered": 100.0, "percent_covered_display": "100", "missing_lines": 0, "excluded_lines": 0}, "missing_lines": [], "excluded_lines": []}, "get_parameter_overrides": {"executed_lines": [178, 181, 182, 185, 187], "summary": {"covered_lines": 5, "num_statements": 5, "percent_covered": 100.0, "percent_covered_display": "100", "missing_lines": 0, "excluded_lines": 0}, "missing_lines": [], "excluded_lines": []}, "load_parameters": {"executed_lines": [192, 193, 195, 198, 202, 203, 204, 206, 207, 208, 209, 210, 211, 212, 213, 214, 215, 217, 220, 221, 222, 223, 225], "summary": {"covered_lines": 23, "num_statements": 23, "percent_covered": 100.0, "percent_covered_display": "100", "missing_lines": 0, "excluded_lines": 0}, "missing_lines": [], "excluded_lines": []}, "": {"executed_lines": [1, 2, 3, 4, 5, 6, 8, 117, 175, 189], "summary": {"covered_lines": 10, "num_statements": 10, "percent_covered": 100.0, "percent_covered_display": "100", "missing_lines": 0, "excluded_lines": 0}, "missing_lines": [], "excluded_lines": []}}, "classes": {"": {"executed_lines": [1, 2, 3, 4, 5, 6, 8, 117, 119, 125, 132, 133, 134, 135, 136, 137, 138, 139, 144, 145, 151, 157, 163, 164, 165, 173, 175, 178, 181, 182, 185, 187, 189, 192, 193, 195, 198, 202, 203, 204, 206, 207, 208, 209, 210, 211, 212, 213, 214, 215, 217, 220, 221, 222, 223, 225], "summary": {"covered_lines": 56, "num_statements": 59, "percent_covered": 94.91525423728814, "percent_covered_display": "95", "missing_lines": 3, "excluded_lines": 0}, "missing_lines": [10, 114, 115], "excluded_lines": []}}}, "src/utils/coordinate_converter.py": {"executed_lines": [1, 5, 6, 7, 10, 11, 12, 13, 14, 15, 16, 18, 19, 21, 26, 27, 29, 31, 32, 34, 37, 38, 47, 60, 61, 67, 70, 71, 72, 73, 74, 78, 79, 80, 83, 85, 97, 98, 102, 104, 105, 107, 109, 121, 122, 125, 126, 128, 130, 141, 142, 143, 144, 147, 150, 198], "summary": {"covered_lines": 53, "num_statements": 87, "percent_covered": 60.91954022988506, "percent_covered_display": "61", "missing_lines": 34, "excluded_lines": 0}, "missing_lines": [146, 158, 161, 164, 165, 166, 170, 171, 173, 174, 175, 177, 179, 180, 181, 184, 185, 186, 189, 191, 192, 193, 194, 195, 200, 208, 211, 213, 214, 215, 217, 218, 219, 222], "excluded_lines": [], "functions": {"GeoBounds.center": {"executed_lines": [21], "summary": {"covered_lines": 1, "num_statements": 1, "percent_covered": 100.0, "percent_covered_display": "100", "missing_lines": 0, "excluded_lines": 0}, "missing_lines": [], "excluded_lines": []}, "GeoBounds.lat_span": {"executed_lines": [29], "summary": {"covered_lines": 1, "num_statements": 1, "percent_covered": 100.0, "percent_covered_display": "100", "missing_lines": 0, "excluded_lines": 0}, "missing_lines": [], "excluded_lines": []}, "GeoBounds.lon_span": {"executed_lines": [34], "summary": {"covered_lines": 1, "num_statements": 1, "percent_covered": 100.0, "percent_covered_display": "100", "missing_lines": 0, "excluded_lines": 0}, "missing_lines": [], "excluded_lines": []}, "CoordinateConverter.__init__": {"executed_lines": [60, 61, 67, 70, 71, 72, 73, 74, 78, 79, 80, 83], "summary": {"covered_lines": 12, "num_statements": 12, "percent_covered": 100.0, "percent_covered_display": "100", "missing_lines": 0, "excluded_lines": 0}, "missing_lines": [], "excluded_lines": []}, "CoordinateConverter.to_geographic": {"executed_lines": [97, 98, 102, 104, 105, 107], "summary": {"covered_lines": 6, "num_statements": 6, "percent_covered": 100.0, "percent_covered_display": "100", "missing_lines": 0, "excluded_lines": 0}, "missing_lines": [], "excluded_lines": []}, "CoordinateConverter.to_cvrp": {"executed_lines": [121, 122, 125, 126, 128], "summary": {"covered_lines": 5, "num_statements": 5, "percent_covered": 100.0, "percent_covered_display": "100", "missing_lines": 0, "excluded_lines": 0}, "missing_lines": [], "excluded_lines": []}, "CoordinateConverter.convert_all_coordinates": {"executed_lines": [141, 142, 143, 144, 147], "summary": {"covered_lines": 5, "num_statements": 6, "percent_covered": 83.33333333333333, "percent_covered_display": "83", "missing_lines": 1, "excluded_lines": 0}, "missing_lines": [146], "excluded_lines": []}, "validate_conversion": {"executed_lines": [], "summary": {"covered_lines": 0, "num_statements": 23, "percent_covered": 0.0, "percent_covered_display": "0", "missing_lines": 23, "excluded_lines": 0}, "missing_lines": [158, 161, 164, 165, 166, 170, 171, 173, 174, 175, 177, 179, 180, 181, 184, 185, 186, 189, 191, 192, 193, 194, 195], "excluded_lines": []}, "": {"executed_lines": [1, 5, 6, 7, 10, 11, 12, 13, 14, 15, 16, 18, 19, 26, 27, 31, 32, 37, 38, 47, 85, 109, 130, 150, 198], "summary": {"covered_lines": 22, "num_statements": 32, "percent_covered": 68.75, "percent_covered_display": "69", "missing_lines": 10, "excluded_lines": 0}, "missing_lines": [200, 208, 211, 213, 214, 215, 217, 218, 219, 222], "excluded_lines": []}}, "classes": {"GeoBounds": {"executed_lines": [21, 29, 34], "summary": {"covered_lines": 3, "num_statements": 3, "percent_covered": 100.0, "percent_covered_display": "100", "missing_lines": 0, "excluded_lines": 0}, "missing_lines": [], "excluded_lines": []}, "CoordinateConverter": {"executed_lines": [60, 61, 67, 70, 71, 72, 73, 74, 78, 79, 80, 83, 97, 98, 102, 104, 105, 107, 121, 122, 125, 126, 128, 141, 142, 143, 144, 147], "summary": {"covered_lines": 28, "num_statements": 29, "percent_covered": 96.55172413793103, "percent_covered_display": "97", "missing_lines": 1, "excluded_lines": 0}, "missing_lines": [146], "excluded_lines": []}, "": {"executed_lines": [1, 5, 6, 7, 10, 11, 12, 13, 14, 15, 16, 18, 19, 26, 27, 31, 32, 37, 38, 47, 85, 109, 130, 150, 198], "summary": {"covered_lines": 22, "num_statements": 55, "percent_covered": 40.0, "percent_covered_display": "40", "missing_lines": 33, "excluded_lines": 0}, "missing_lines": [158, 161, 164, 165, 166, 170, 171, 173, 174, 175, 177, 179, 180, 181, 184, 185, 186, 189, 191, 192, 193, 194, 195, 200, 208, 211, 213, 214, 215, 217, 218, 219, 222], "excluded_lines": []}}}, "src/utils/data_processing.py": {"executed_lines": [1, 2, 4, 7, 11, 13, 14, 17, 30, 39, 47, 48, 55, 56, 57, 60, 61, 68], "summary": {"covered_lines": 18, "num_statements": 20, "percent_covered": 90.0, "percent_covered_display": "90", "missing_lines": 2, "excluded_lines": 0}, "missing_lines": [5, 9], "excluded_lines": [], "functions": {"data_dir": {"executed_lines": [], "summary": {"covered_lines": 0, "num_statements": 1, "percent_covered": 0.0, "percent_covered_display": "0", "missing_lines": 1, "excluded_lines": 0}, "missing_lines": [5], "excluded_lines": []}, "get_demand_profiles_dir": {"executed_lines": [], "summary": {"covered_lines": 0, "num_statements": 1, "percent_covered": 0.0, "percent_covered_display": "0", "missing_lines": 1, "excluded_lines": 0}, "missing_lines": [9], "excluded_lines": []}, "load_customer_demand": {"executed_lines": [13, 14, 17, 30, 39, 47, 48, 55, 56, 57, 60, 61, 68], "summary": {"covered_lines": 13, "num_statements": 13, "percent_covered": 100.0, "percent_covered_display": "100", "missing_lines": 0, "excluded_lines": 0}, "missing_lines": [], "excluded_lines": []}, "": {"executed_lines": [1, 2, 4, 7, 11], "summary": {"covered_lines": 5, "num_statements": 5, "percent_covered": 100.0, "percent_covered_display": "100", "missing_lines": 0, "excluded_lines": 0}, "missing_lines": [], "excluded_lines": []}}, "classes": {"": {"executed_lines": [1, 2, 4, 7, 11, 13, 14, 17, 30, 39, 47, 48, 55, 56, 57, 60, 61, 68], "summary": {"covered_lines": 18, "num_statements": 20, "percent_covered": 90.0, "percent_covered_display": "90", "missing_lines": 2, "excluded_lines": 0}, "missing_lines": [5, 9], "excluded_lines": []}}}, "src/utils/logging.py": {"executed_lines": [1, 2, 3, 5, 6, 7, 8, 9, 10, 11, 12, 13, 14, 15, 17, 18, 19, 20, 21, 22, 23, 24, 25, 26, 28, 29, 30, 31, 40, 41, 43, 45, 46, 48, 49, 51, 52, 53, 55, 56, 57, 58, 59, 64, 67, 74, 76, 77, 78, 79, 80, 81, 83, 85, 86], "summary": {"covered_lines": 50, "num_statements": 50, "percent_covered": 100.0, "percent_covered_display": "100", "missing_lines": 0, "excluded_lines": 0}, "missing_lines": [], "excluded_lines": [], "functions": {"SimpleFormatter.format": {"executed_lines": [31, 40, 41], "summary": {"covered_lines": 3, "num_statements": 3, "percent_covered": 100.0, "percent_covered_display": "100", "missing_lines": 0, "excluded_lines": 0}, "missing_lines": [], "excluded_lines": []}, "setup_logging": {"executed_lines": [45, 46, 48, 49, 51, 52, 53], "summary": {"covered_lines": 7, "num_statements": 7, "percent_covered": 100.0, "percent_covered_display": "100", "missing_lines": 0, "excluded_lines": 0}, "missing_lines": [], "excluded_lines": []}, "ProgressTracker.__init__": {"executed_lines": [58, 59, 64, 67], "summary": {"covered_lines": 4, "num_statements": 4, "percent_covered": 100.0, "percent_covered_display": "100", "missing_lines": 0, "excluded_lines": 0}, "missing_lines": [], "excluded_lines": []}, "ProgressTracker.advance": {"executed_lines": [76, 77, 78, 79, 80, 81], "summary": {"covered_lines": 6, "num_statements": 6, "percent_covered": 100.0, "percent_covered_display": "100", "missing_lines": 0, "excluded_lines": 0}, "missing_lines": [], "excluded_lines": []}, "ProgressTracker.close": {"executed_lines": [85, 86], "summary": {"covered_lines": 2, "num_statements": 2, "percent_covered": 100.0, "percent_covered_display": "100", "missing_lines": 0, "excluded_lines": 0}, "missing_lines": [], "excluded_lines": []}, "": {"executed_lines": [1, 2, 3, 5, 6, 7, 8, 9, 10, 11, 12, 13, 14, 15, 17, 18, 19, 20, 21, 22, 23, 24, 25, 26, 28, 29, 30, 43, 55, 56, 57, 74, 83], "summary": {"covered_lines": 28, "num_statements": 28, "percent_covered": 100.0, "percent_covered_display": "100", "missing_lines": 0, "excluded_lines": 0}, "missing_lines": [], "excluded_lines": []}}, "classes": {"Colors": {"executed_lines": [], "summary": {"covered_lines": 0, "num_statements": 0, "percent_covered": 100.0, "percent_covered_display": "100", "missing_lines": 0, "excluded_lines": 0}, "missing_lines": [], "excluded_lines": []}, "Symbols": {"executed_lines": [], "summary": {"covered_lines": 0, "num_statements": 0, "percent_covered": 100.0, "percent_covered_display": "100", "missing_lines": 0, "excluded_lines": 0}, "missing_lines": [], "excluded_lines": []}, "SimpleFormatter": {"executed_lines": [31, 40, 41], "summary": {"covered_lines": 3, "num_statements": 3, "percent_covered": 100.0, "percent_covered_display": "100", "missing_lines": 0, "excluded_lines": 0}, "missing_lines": [], "excluded_lines": []}, "ProgressTracker": {"executed_lines": [58, 59, 64, 67, 76, 77, 78, 79, 80, 81, 85, 86], "summary": {"covered_lines": 12, "num_statements": 12, "percent_covered": 100.0, "percent_covered_display": "100", "missing_lines": 0, "excluded_lines": 0}, "missing_lines": [], "excluded_lines": []}, "": {"executed_lines": [1, 2, 3, 5, 6, 7, 8, 9, 10, 11, 12, 13, 14, 15, 17, 18, 19, 20, 21, 22, 23, 24, 25, 26, 28, 29, 30, 43, 45, 46, 48, 49, 51, 52, 53, 55, 56, 57, 74, 83], "summary": {"covered_lines": 35, "num_statements": 35, "percent_covered": 100.0, "percent_covered_display": "100", "missing_lines": 0, "excluded_lines": 0}, "missing_lines": [], "excluded_lines": []}}}, "src/utils/route_time.py": {"executed_lines": [1, 2, 3, 4, 5, 7, 12, 13, 15, 18, 25, 39, 43, 45, 47, 49, 52, 55, 57, 61, 62, 65, 66, 69, 72, 73, 75, 78, 81, 82, 85, 86, 87, 88, 91, 113, 114, 115, 117, 118, 121, 123, 125, 132, 134, 136, 146, 147, 150, 153, 154, 155, 159, 162, 172, 173, 178, 180, 182, 204, 207, 209, 210, 211, 212, 213, 214, 215, 216, 218, 219, 225, 228, 234, 235, 236, 247, 248, 251, 252, 259, 260, 261, 264, 270, 324, 325, 326, 327, 330, 331, 334, 336, 337, 339, 342, 345, 346, 349, 350, 351, 356, 361, 368, 372, 376, 383, 385, 392, 393, 395, 398, 399, 402, 403, 408], "summary": {"covered_lines": 115, "num_statements": 158, "percent_covered": 72.78481012658227, "percent_covered_display": "73", "missing_lines": 43, "excluded_lines": 0}, "missing_lines": [40, 41, 48, 58, 59, 130, 208, 250, 271, 273, 274, 275, 276, 279, 280, 282, 283, 284, 285, 286, 290, 292, 293, 296, 298, 300, 302, 303, 306, 308, 309, 311, 313, 314, 317, 318, 319, 320, 357, 359, 405, 410, 413], "excluded_lines": [], "functions": {"build_distance_duration_matrices": {"executed_lines": [39, 43, 45, 47, 49, 52, 55, 57, 61, 62, 65, 66, 69, 72, 73, 75, 78, 81, 82, 85, 86, 87, 88], "summary": {"covered_lines": 23, "num_statements": 28, "percent_covered": 82.14285714285714, "percent_covered_display": "82", "missing_lines": 5, "excluded_lines": 0}, "missing_lines": [40, 41, 48, 58, 59], "excluded_lines": []}, "estimate_route_time": {"executed_lines": [113, 114, 115, 117, 118, 121, 123, 125], "summary": {"covered_lines": 8, "num_statements": 9, "percent_covered": 88.88888888888889, "percent_covered_display": "89", "missing_lines": 1, "excluded_lines": 0}, "missing_lines": [130], "excluded_lines": []}, "_legacy_estimation": {"executed_lines": [134], "summary": {"covered_lines": 1, "num_statements": 1, "percent_covered": 100.0, "percent_covered_display": "100", "missing_lines": 0, "excluded_lines": 0}, "missing_lines": [], "excluded_lines": []}, "_bhh_estimation": {"executed_lines": [146, 147, 150, 153, 154, 155, 159, 162, 172, 173, 178, 180], "summary": {"covered_lines": 12, "num_statements": 12, "percent_covered": 100.0, "percent_covered_display": "100", "missing_lines": 0, "excluded_lines": 0}, "missing_lines": [], "excluded_lines": []}, "_pyvrp_tsp_estimation": {"executed_lines": [204, 207, 209, 210, 211, 212, 213, 214, 215, 216, 218, 219, 225, 228, 234, 235, 236, 247, 248, 251, 252, 259, 260, 261, 264, 270, 324, 325, 326, 327, 330, 331, 334, 336, 337, 339, 342, 345, 346, 349, 350, 351, 356, 361, 368, 372, 376, 383, 385, 392, 393, 395, 398, 399, 402, 403, 408], "summary": {"covered_lines": 57, "num_statements": 94, "percent_covered": 60.638297872340424, "percent_covered_display": "61", "missing_lines": 37, "excluded_lines": 0}, "missing_lines": [208, 250, 271, 273, 274, 275, 276, 279, 280, 282, 283, 284, 285, 286, 290, 292, 293, 296, 298, 300, 302, 303, 306, 308, 309, 311, 313, 314, 317, 318, 319, 320, 357, 359, 405, 410, 413], "excluded_lines": []}, "": {"executed_lines": [1, 2, 3, 4, 5, 7, 12, 13, 15, 18, 25, 91, 132, 136, 182], "summary": {"covered_lines": 14, "num_statements": 14, "percent_covered": 100.0, "percent_covered_display": "100", "missing_lines": 0, "excluded_lines": 0}, "missing_lines": [], "excluded_lines": []}}, "classes": {"": {"executed_lines": [1, 2, 3, 4, 5, 7, 12, 13, 15, 18, 25, 39, 43, 45, 47, 49, 52, 55, 57, 61, 62, 65, 66, 69, 72, 73, 75, 78, 81, 82, 85, 86, 87, 88, 91, 113, 114, 115, 117, 118, 121, 123, 125, 132, 134, 136, 146, 147, 150, 153, 154, 155, 159, 162, 172, 173, 178, 180, 182, 204, 207, 209, 210, 211, 212, 213, 214, 215, 216, 218, 219, 225, 228, 234, 235, 236, 247, 248, 251, 252, 259, 260, 261, 264, 270, 324, 325, 326, 327, 330, 331, 334, 336, 337, 339, 342, 345, 346, 349, 350, 351, 356, 361, 368, 372, 376, 383, 385, 392, 393, 395, 398, 399, 402, 403, 408], "summary": {"covered_lines": 115, "num_statements": 158, "percent_covered": 72.78481012658227, "percent_covered_display": "73", "missing_lines": 43, "excluded_lines": 0}, "missing_lines": [40, 41, 48, 58, 59, 130, 208, 250, 271, 273, 274, 275, 276, 279, 280, 282, 283, 284, 285, 286, 290, 292, 293, 296, 298, 300, 302, 303, 306, 308, 309, 311, 313, 314, 317, 318, 319, 320, 357, 359, 405, 410, 413], "excluded_lines": []}}}, "src/utils/save_results.py": {"executed_lines": [1, 2, 3, 4, 5, 6, 7, 8, 9, 10, 11, 12, 13, 14, 15, 18, 20, 44, 45, 46, 47, 48, 51, 52, 55, 56, 62, 63, 64, 68, 69, 70, 72, 73, 75, 78, 88, 89, 91, 92, 93, 97, 124, 125, 126, 127, 130, 131, 132, 133, 134, 135, 138, 139, 142, 143, 147, 148, 151, 152, 153, 158, 159, 160, 165, 166, 167, 168, 171, 199, 200, 201, 203, 206, 207, 208, 214, 216, 218, 223, 228, 230, 231, 236, 240, 243, 248, 252, 254, 255, 256, 257, 266, 267, 268, 271, 276, 285, 286, 288, 302, 309, 310, 313, 320, 321, 322, 323, 326, 327, 331, 334, 344, 355, 358, 359, 361], "summary": {"covered_lines": 117, "num_statements": 165, "percent_covered": 70.9090909090909, "percent_covered_display": "71", "missing_lines": 48, "excluded_lines": 0}, "missing_lines": [59, 65, 210, 211, 212, 258, 259, 260, 261, 262, 269, 328, 371, 372, 375, 376, 377, 378, 379, 389, 399, 402, 403, 404, 405, 407, 408, 414, 415, 417, 426, 428, 430, 432, 435, 436, 439, 440, 441, 444, 445, 446, 449, 450, 453, 455, 458, 466], "excluded_lines": [], "functions": {"save_optimization_results": {"executed_lines": [44, 45, 46, 47, 48, 51, 52, 55, 56, 62, 63, 64, 68, 69, 70, 72, 73, 75, 78, 88, 89, 91, 92, 93, 97, 124, 125, 126, 127, 130, 131, 132, 133, 134, 135, 138, 139, 142, 143, 147, 148, 151, 152, 153, 158, 159, 160, 165, 166, 167, 168, 171, 199, 200, 201, 203, 206, 207, 208], "summary": {"covered_lines": 59, "num_statements": 64, "percent_covered": 92.1875, "percent_covered_display": "92", "missing_lines": 5, "excluded_lines": 0}, "missing_lines": [59, 65, 210, 211, 212], "excluded_lines": []}, "_write_to_excel": {"executed_lines": [216, 218, 223, 228, 230, 231, 236, 240, 243, 248], "summary": {"covered_lines": 10, "num_statements": 10, "percent_covered": 100.0, "percent_covered_display": "100", "missing_lines": 0, "excluded_lines": 0}, "missing_lines": [], "excluded_lines": []}, "_write_to_json": {"executed_lines": [254, 255, 266, 267, 268, 271, 276, 285, 286], "summary": {"covered_lines": 9, "num_statements": 10, "percent_covered": 90.0, "percent_covered_display": "90", "missing_lines": 1, "excluded_lines": 0}, "missing_lines": [269], "excluded_lines": []}, "_write_to_json.NumpyEncoder.default": {"executed_lines": [256, 257], "summary": {"covered_lines": 2, "num_statements": 7, "percent_covered": 28.571428571428573, "percent_covered_display": "29", "missing_lines": 5, "excluded_lines": 0}, "missing_lines": [258, 259, 260, 261, 262], "excluded_lines": []}, "visualize_clusters": {"executed_lines": [302, 309, 310, 313, 320, 321, 322, 323, 326, 327, 331, 334, 344, 355, 358, 359], "summary": {"covered_lines": 16, "num_statements": 17, "percent_covered": 94.11764705882354, "percent_covered_display": "94", "missing_lines": 1, "excluded_lines": 0}, "missing_lines": [328], "excluded_lines": []}, "save_benchmark_results": {"executed_lines": [], "summary": {"covered_lines": 0, "num_statements": 36, "percent_covered": 0.0, "percent_covered_display": "0", "missing_lines": 36, "excluded_lines": 0}, "missing_lines": [371, 372, 375, 376, 377, 378, 379, 389, 399, 402, 403, 404, 405, 407, 408, 414, 415, 417, 426, 428, 430, 432, 435, 436, 439, 440, 441, 444, 445, 446, 449, 450, 453, 455, 458, 466], "excluded_lines": []}, "": {"executed_lines": [1, 2, 3, 4, 5, 6, 7, 8, 9, 10, 11, 12, 13, 14, 15, 18, 20, 214, 252, 288, 361], "summary": {"covered_lines": 21, "num_statements": 21, "percent_covered": 100.0, "percent_covered_display": "100", "missing_lines": 0, "excluded_lines": 0}, "missing_lines": [], "excluded_lines": []}}, "classes": {"_write_to_json.NumpyEncoder": {"executed_lines": [256, 257], "summary": {"covered_lines": 2, "num_statements": 7, "percent_covered": 28.571428571428573, "percent_covered_display": "29", "missing_lines": 5, "excluded_lines": 0}, "missing_lines": [258, 259, 260, 261, 262], "excluded_lines": []}, "": {"executed_lines": [1, 2, 3, 4, 5, 6, 7, 8, 9, 10, 11, 12, 13, 14, 15, 18, 20, 44, 45, 46, 47, 48, 51, 52, 55, 56, 62, 63, 64, 68, 69, 70, 72, 73, 75, 78, 88, 89, 91, 92, 93, 97, 124, 125, 126, 127, 130, 131, 132, 133, 134, 135, 138, 139, 142, 143, 147, 148, 151, 152, 153, 158, 159, 160, 165, 166, 167, 168, 171, 199, 200, 201, 203, 206, 207, 208, 214, 216, 218, 223, 228, 230, 231, 236, 240, 243, 248, 252, 254, 255, 266, 267, 268, 271, 276, 285, 286, 288, 302, 309, 310, 313, 320, 321, 322, 323, 326, 327, 331, 334, 344, 355, 358, 359, 361], "summary": {"covered_lines": 115, "num_statements": 158, "percent_covered": 72.78481012658227, "percent_covered_display": "73", "missing_lines": 43, "excluded_lines": 0}, "missing_lines": [59, 65, 210, 211, 212, 269, 328, 371, 372, 375, 376, 377, 378, 379, 389, 399, 402, 403, 404, 405, 407, 408, 414, 415, 417, 426, 428, 430, 432, 435, 436, 439, 440, 441, 444, 445, 446, 449, 450, 453, 455, 458, 466], "excluded_lines": []}}}, "src/utils/solver.py": {"executed_lines": [1, 3, 10, 11, 13, 15, 19, 20], "summary": {"covered_lines": 8, "num_statements": 12, "percent_covered": 66.66666666666667, "percent_covered_display": "67", "missing_lines": 4, "excluded_lines": 0}, "missing_lines": [14, 16, 21, 22], "excluded_lines": [], "functions": {"pick_solver": {"executed_lines": [10, 11, 13, 15, 19, 20], "summary": {"covered_lines": 6, "num_statements": 10, "percent_covered": 60.0, "percent_covered_display": "60", "missing_lines": 4, "excluded_lines": 0}, "missing_lines": [14, 16, 21, 22], "excluded_lines": []}, "": {"executed_lines": [1, 3], "summary": {"covered_lines": 2, "num_statements": 2, "percent_covered": 100.0, "percent_covered_display": "100", "missing_lines": 0, "excluded_lines": 0}, "missing_lines": [], "excluded_lines": []}}, "classes": {"": {"executed_lines": [1, 3, 10, 11, 13, 15, 19, 20], "summary": {"covered_lines": 8, "num_statements": 12, "percent_covered": 66.66666666666667, "percent_covered_display": "67", "missing_lines": 4, "excluded_lines": 0}, "missing_lines": [14, 16, 21, 22], "excluded_lines": []}}}, "src/utils/vehicle_configurations.py": {"executed_lines": [1, 2, 4, 6, 7, 8, 10, 11, 13, 14, 15, 16, 17, 18, 19, 20, 21, 23, 25], "summary": {"covered_lines": 19, "num_statements": 31, "percent_covered": 61.29032258064516, "percent_covered_display": "61", "missing_lines": 12, "excluded_lines": 0}, "missing_lines": [27, 28, 29, 30, 31, 32, 33, 34, 35, 36, 37, 38], "excluded_lines": [], "functions": {"generate_vehicle_configurations": {"executed_lines": [6, 7, 8, 10, 11, 13, 14, 15, 16, 17, 18, 19, 20, 21, 23], "summary": {"covered_lines": 15, "num_statements": 15, "percent_covered": 100.0, "percent_covered_display": "100", "missing_lines": 0, "excluded_lines": 0}, "missing_lines": [], "excluded_lines": []}, "print_configurations": {"executed_lines": [], "summary": {"covered_lines": 0, "num_statements": 12, "percent_covered": 0.0, "percent_covered_display": "0", "missing_lines": 12, "excluded_lines": 0}, "missing_lines": [27, 28, 29, 30, 31, 32, 33, 34, 35, 36, 37, 38], "excluded_lines": []}, "": {"executed_lines": [1, 2, 4, 25], "summary": {"covered_lines": 4, "num_statements": 4, "percent_covered": 100.0, "percent_covered_display": "100", "missing_lines": 0, "excluded_lines": 0}, "missing_lines": [], "excluded_lines": []}}, "classes": {"": {"executed_lines": [1, 2, 4, 6, 7, 8, 10, 11, 13, 14, 15, 16, 17, 18, 19, 20, 21, 23, 25], "summary": {"covered_lines": 19, "num_statements": 31, "percent_covered": 61.29032258064516, "percent_covered_display": "61", "missing_lines": 12, "excluded_lines": 0}, "missing_lines": [27, 28, 29, 30, 31, 32, 33, 34, 35, 36, 37, 38], "excluded_lines": []}}}}, "totals": {"covered_lines": 1592, "num_statements": 2179, "percent_covered": 73.06103717301515, "percent_covered_display": "73", "missing_lines": 587, "excluded_lines": 0}}