{"meta": {"format": 3, "version": "7.8.0", "timestamp": "2025-05-03T15:31:37.856783", "branch_coverage": false, "show_contexts": false}, "files": {"src/__init__.py": {"executed_lines": [0], "summary": {"covered_lines": 0, "num_statements": 0, "percent_covered": 100.0, "percent_covered_display": "100", "missing_lines": 0, "excluded_lines": 0}, "missing_lines": [], "excluded_lines": [], "functions": {"": {"executed_lines": [], "summary": {"covered_lines": 0, "num_statements": 0, "percent_covered": 100.0, "percent_covered_display": "100", "missing_lines": 0, "excluded_lines": 0}, "missing_lines": [], "excluded_lines": []}}, "classes": {"": {"executed_lines": [], "summary": {"covered_lines": 0, "num_statements": 0, "percent_covered": 100.0, "percent_covered_display": "100", "missing_lines": 0, "excluded_lines": 0}, "missing_lines": [], "excluded_lines": []}}}, "src/benchmarking/__init__.py": {"executed_lines": [0], "summary": {"covered_lines": 0, "num_statements": 0, "percent_covered": 100.0, "percent_covered_display": "100", "missing_lines": 0, "excluded_lines": 0}, "missing_lines": [], "excluded_lines": [], "functions": {"": {"executed_lines": [], "summary": {"covered_lines": 0, "num_statements": 0, "percent_covered": 100.0, "percent_covered_display": "100", "missing_lines": 0, "excluded_lines": 0}, "missing_lines": [], "excluded_lines": []}}, "classes": {"": {"executed_lines": [], "summary": {"covered_lines": 0, "num_statements": 0, "percent_covered": 100.0, "percent_covered_display": "100", "missing_lines": 0, "excluded_lines": 0}, "missing_lines": [], "excluded_lines": []}}}, "src/benchmarking/benchmark_types.py": {"executed_lines": [1, 3, 4, 5, 6], "summary": {"covered_lines": 4, "num_statements": 4, "percent_covered": 100.0, "percent_covered_display": "100", "missing_lines": 0, "excluded_lines": 0}, "missing_lines": [], "excluded_lines": [], "functions": {"": {"executed_lines": [1, 3, 4, 5, 6], "summary": {"covered_lines": 4, "num_statements": 4, "percent_covered": 100.0, "percent_covered_display": "100", "missing_lines": 0, "excluded_lines": 0}, "missing_lines": [], "excluded_lines": []}}, "classes": {"BenchmarkType": {"executed_lines": [], "summary": {"covered_lines": 0, "num_statements": 0, "percent_covered": 100.0, "percent_covered_display": "100", "missing_lines": 0, "excluded_lines": 0}, "missing_lines": [], "excluded_lines": []}, "": {"executed_lines": [1, 3, 4, 5, 6], "summary": {"covered_lines": 4, "num_statements": 4, "percent_covered": 100.0, "percent_covered_display": "100", "missing_lines": 0, "excluded_lines": 0}, "missing_lines": [], "excluded_lines": []}}}, "src/benchmarking/cvrp_parser.py": {"executed_lines": [1, 3, 4, 5, 6, 7, 8, 9, 12, 13, 16, 18, 20, 21, 22, 23, 24, 25, 26, 27, 28, 29, 30, 32, 33, 34, 35, 36, 37, 38, 40, 41, 43, 45, 46, 49, 51, 54, 55, 58, 62, 68, 74, 76, 81, 92, 94, 95, 99, 102, 107, 108, 110, 111, 116, 123], "summary": {"covered_lines": 52, "num_statements": 77, "percent_covered": 67.53246753246754, "percent_covered_display": "68", "missing_lines": 25, "excluded_lines": 0}, "missing_lines": [14, 47, 96, 124, 127, 128, 132, 135, 138, 139, 140, 141, 143, 144, 145, 146, 147, 149, 150, 151, 152, 153, 154, 156, 157], "excluded_lines": [], "functions": {"CVRPParser.__init__": {"executed_lines": [45, 46, 49], "summary": {"covered_lines": 3, "num_statements": 4, "percent_covered": 75.0, "percent_covered_display": "75", "missing_lines": 1, "excluded_lines": 0}, "missing_lines": [47], "excluded_lines": []}, "CVRPParser.parse": {"executed_lines": [54, 55, 58, 62, 68, 74, 76, 81], "summary": {"covered_lines": 8, "num_statements": 8, "percent_covered": 100.0, "percent_covered_display": "100", "missing_lines": 0, "excluded_lines": 0}, "missing_lines": [], "excluded_lines": []}, "CVRPParser.parse_solution": {"executed_lines": [94, 95, 99, 102, 107, 108, 110, 111, 116], "summary": {"covered_lines": 9, "num_statements": 10, "percent_covered": 90.0, "percent_covered_display": "90", "missing_lines": 1, "excluded_lines": 0}, "missing_lines": [96], "excluded_lines": []}, "": {"executed_lines": [1, 3, 4, 5, 6, 7, 8, 9, 12, 13, 16, 18, 20, 21, 22, 23, 24, 25, 26, 27, 28, 29, 30, 32, 33, 34, 35, 36, 37, 38, 40, 41, 43, 51, 92, 123], "summary": {"covered_lines": 32, "num_statements": 55, "percent_covered": 58.18181818181818, "percent_covered_display": "58", "missing_lines": 23, "excluded_lines": 0}, "missing_lines": [14, 124, 127, 128, 132, 135, 138, 139, 140, 141, 143, 144, 145, 146, 147, 149, 150, 151, 152, 153, 154, 156, 157], "excluded_lines": []}}, "classes": {"CVRPInstance": {"executed_lines": [], "summary": {"covered_lines": 0, "num_statements": 0, "percent_covered": 100.0, "percent_covered_display": "100", "missing_lines": 0, "excluded_lines": 0}, "missing_lines": [], "excluded_lines": []}, "CVRPSolution": {"executed_lines": [], "summary": {"covered_lines": 0, "num_statements": 0, "percent_covered": 100.0, "percent_covered_display": "100", "missing_lines": 0, "excluded_lines": 0}, "missing_lines": [], "excluded_lines": []}, "CVRPParser": {"executed_lines": [45, 46, 49, 54, 55, 58, 62, 68, 74, 76, 81, 94, 95, 99, 102, 107, 108, 110, 111, 116], "summary": {"covered_lines": 20, "num_statements": 22, "percent_covered": 90.9090909090909, "percent_covered_display": "91", "missing_lines": 2, "excluded_lines": 0}, "missing_lines": [47, 96], "excluded_lines": []}, "": {"executed_lines": [1, 3, 4, 5, 6, 7, 8, 9, 12, 13, 16, 18, 20, 21, 22, 23, 24, 25, 26, 27, 28, 29, 30, 32, 33, 34, 35, 36, 37, 38, 40, 41, 43, 51, 92, 123], "summary": {"covered_lines": 32, "num_statements": 55, "percent_covered": 58.18181818181818, "percent_covered_display": "58", "missing_lines": 23, "excluded_lines": 0}, "missing_lines": [14, 124, 127, 128, 132, 135, 138, 139, 140, 141, 143, 144, 145, 146, 147, 149, 150, 151, 152, 153, 154, 156, 157], "excluded_lines": []}}}, "src/benchmarking/cvrp_to_fsm.py": {"executed_lines": [1, 5, 6, 7, 8, 9, 10, 11, 14, 15, 18, 19, 20, 21, 22, 23, 24, 25, 26, 28, 29, 30, 31, 32, 34, 49, 50, 52, 56, 57, 58, 60, 63, 64, 65, 66, 67, 70, 71, 72, 73, 74, 75, 77, 79, 82, 83, 84, 85, 87, 93, 94, 95, 97, 98, 101, 109, 110, 111, 112, 114, 116, 119, 124, 132, 133, 136, 144, 146, 148, 157, 158, 161, 169, 171, 174, 175, 177, 178, 179, 183, 184, 185, 187, 188, 191, 200, 202, 205, 206, 208, 209, 210, 211, 220, 221, 223, 225, 227, 228, 229, 230, 232, 237, 239, 241, 243, 244, 246, 247, 251, 255, 258, 263, 267, 269, 270, 271, 273, 274, 275, 277, 278, 279, 280, 281, 282, 283, 284, 285, 286, 287, 288, 289, 290, 291, 292, 293, 294, 296, 297, 298, 299, 300, 301, 302, 303, 305, 306, 307, 308, 309, 311, 312, 313, 314, 315, 316, 317, 320, 322, 326, 329, 330, 337, 338, 341, 346, 349, 358, 359, 360, 361, 363, 367, 368, 369, 370, 372, 391, 392], "summary": {"covered_lines": 180, "num_statements": 185, "percent_covered": 97.29729729729729, "percent_covered_display": "97", "missing_lines": 5, "excluded_lines": 0}, "missing_lines": [16, 53, 321, 323, 364], "excluded_lines": [], "functions": {"convert_cvrp_to_fsm": {"executed_lines": [49, 50, 52, 56, 57, 58, 60, 63, 64, 65, 66, 67, 70, 71, 72, 73, 74, 75, 77], "summary": {"covered_lines": 19, "num_statements": 20, "percent_covered": 95.0, "percent_covered_display": "95", "missing_lines": 1, "excluded_lines": 0}, "missing_lines": [53], "excluded_lines": []}, "_convert_normal": {"executed_lines": [82, 83, 84, 85, 87, 93, 94, 95, 97, 98, 101, 109, 110, 111, 112, 114], "summary": {"covered_lines": 16, "num_statements": 16, "percent_covered": 100.0, "percent_covered_display": "100", "missing_lines": 0, "excluded_lines": 0}, "missing_lines": [], "excluded_lines": []}, "_convert_split": {"executed_lines": [119, 124, 132, 133, 136, 144], "summary": {"covered_lines": 6, "num_statements": 6, "percent_covered": 100.0, "percent_covered_display": "100", "missing_lines": 0, "excluded_lines": 0}, "missing_lines": [], "excluded_lines": []}, "_convert_scaled": {"executed_lines": [148, 157, 158, 161, 169], "summary": {"covered_lines": 5, "num_statements": 5, "percent_covered": 100.0, "percent_covered_display": "100", "missing_lines": 0, "excluded_lines": 0}, "missing_lines": [], "excluded_lines": []}, "_convert_combined": {"executed_lines": [174, 175, 177, 178, 179, 183, 184, 185, 187, 188, 191, 200], "summary": {"covered_lines": 12, "num_statements": 12, "percent_covered": 100.0, "percent_covered_display": "100", "missing_lines": 0, "excluded_lines": 0}, "missing_lines": [], "excluded_lines": []}, "_create_customer_data": {"executed_lines": [205, 206, 208, 209, 210, 211, 220, 221, 223], "summary": {"covered_lines": 9, "num_statements": 9, "percent_covered": 100.0, "percent_covered_display": "100", "missing_lines": 0, "excluded_lines": 0}, "missing_lines": [], "excluded_lines": []}, "_create_base_params": {"executed_lines": [227, 228, 229, 230, 232, 237, 239], "summary": {"covered_lines": 7, "num_statements": 7, "percent_covered": 100.0, "percent_covered_display": "100", "missing_lines": 0, "excluded_lines": 0}, "missing_lines": [], "excluded_lines": []}, "main": {"executed_lines": [243, 244, 246, 247, 251, 255, 258, 263, 267, 269, 270, 271, 273, 274, 275, 277, 278, 279, 280, 281, 282, 283, 284, 285, 286, 287, 288, 289, 290, 291, 292, 293, 294, 296, 297, 298, 299, 300, 301, 302, 303, 305, 306, 307, 308, 309, 311, 312, 313, 314, 315, 316, 317, 320, 322, 326, 329, 330, 337, 338, 341, 346, 349, 358, 359, 360, 361, 363, 367, 368, 369, 370, 372], "summary": {"covered_lines": 73, "num_statements": 76, "percent_covered": 96.05263157894737, "percent_covered_display": "96", "missing_lines": 3, "excluded_lines": 0}, "missing_lines": [321, 323, 364], "excluded_lines": []}, "": {"executed_lines": [1, 5, 6, 7, 8, 9, 10, 11, 14, 15, 18, 19, 20, 21, 22, 23, 24, 25, 26, 28, 29, 30, 31, 32, 34, 79, 116, 146, 171, 202, 225, 241, 391, 392], "summary": {"covered_lines": 33, "num_statements": 34, "percent_covered": 97.05882352941177, "percent_covered_display": "97", "missing_lines": 1, "excluded_lines": 0}, "missing_lines": [16], "excluded_lines": []}}, "classes": {"CVRPBenchmarkType": {"executed_lines": [], "summary": {"covered_lines": 0, "num_statements": 0, "percent_covered": 100.0, "percent_covered_display": "100", "missing_lines": 0, "excluded_lines": 0}, "missing_lines": [], "excluded_lines": []}, "": {"executed_lines": [1, 5, 6, 7, 8, 9, 10, 11, 14, 15, 18, 19, 20, 21, 22, 23, 24, 25, 26, 28, 29, 30, 31, 32, 34, 49, 50, 52, 56, 57, 58, 60, 63, 64, 65, 66, 67, 70, 71, 72, 73, 74, 75, 77, 79, 82, 83, 84, 85, 87, 93, 94, 95, 97, 98, 101, 109, 110, 111, 112, 114, 116, 119, 124, 132, 133, 136, 144, 146, 148, 157, 158, 161, 169, 171, 174, 175, 177, 178, 179, 183, 184, 185, 187, 188, 191, 200, 202, 205, 206, 208, 209, 210, 211, 220, 221, 223, 225, 227, 228, 229, 230, 232, 237, 239, 241, 243, 244, 246, 247, 251, 255, 258, 263, 267, 269, 270, 271, 273, 274, 275, 277, 278, 279, 280, 281, 282, 283, 284, 285, 286, 287, 288, 289, 290, 291, 292, 293, 294, 296, 297, 298, 299, 300, 301, 302, 303, 305, 306, 307, 308, 309, 311, 312, 313, 314, 315, 316, 317, 320, 322, 326, 329, 330, 337, 338, 341, 346, 349, 358, 359, 360, 361, 363, 367, 368, 369, 370, 372, 391, 392], "summary": {"covered_lines": 180, "num_statements": 185, "percent_covered": 97.29729729729729, "percent_covered_display": "97", "missing_lines": 5, "excluded_lines": 0}, "missing_lines": [16, 53, 321, 323, 364], "excluded_lines": []}}}, "src/benchmarking/run_benchmark.py": {"executed_lines": [], "summary": {"covered_lines": 0, "num_statements": 71, "percent_covered": 0.0, "percent_covered_display": "0", "missing_lines": 71, "excluded_lines": 0}, "missing_lines": [4, 5, 6, 7, 8, 9, 12, 13, 14, 16, 17, 18, 19, 20, 22, 24, 27, 33, 39, 44, 51, 56, 58, 60, 61, 62, 63, 65, 66, 67, 69, 71, 73, 75, 76, 77, 78, 79, 80, 82, 83, 84, 86, 87, 88, 89, 90, 92, 93, 94, 96, 99, 102, 108, 111, 112, 117, 118, 124, 127, 128, 130, 136, 137, 138, 141, 142, 148, 150, 152, 153], "excluded_lines": [], "functions": {"parse_benchmark_args": {"executed_lines": [], "summary": {"covered_lines": 0, "num_statements": 7, "percent_covered": 0.0, "percent_covered_display": "0", "missing_lines": 7, "excluded_lines": 0}, "missing_lines": [24, 27, 33, 39, 44, 51, 56], "excluded_lines": []}, "print_solution_details": {"executed_lines": [], "summary": {"covered_lines": 0, "num_statements": 8, "percent_covered": 0.0, "percent_covered_display": "0", "missing_lines": 8, "excluded_lines": 0}, "missing_lines": [60, 61, 62, 63, 65, 66, 67, 69], "excluded_lines": []}, "main": {"executed_lines": [], "summary": {"covered_lines": 0, "num_statements": 37, "percent_covered": 0.0, "percent_covered_display": "0", "missing_lines": 37, "excluded_lines": 0}, "missing_lines": [73, 75, 76, 77, 78, 79, 80, 82, 83, 84, 86, 87, 88, 89, 90, 92, 93, 94, 96, 99, 102, 108, 111, 112, 117, 118, 124, 127, 128, 130, 136, 137, 138, 141, 142, 148, 150], "excluded_lines": []}, "": {"executed_lines": [], "summary": {"covered_lines": 0, "num_statements": 19, "percent_covered": 0.0, "percent_covered_display": "0", "missing_lines": 19, "excluded_lines": 0}, "missing_lines": [4, 5, 6, 7, 8, 9, 12, 13, 14, 16, 17, 18, 19, 20, 22, 58, 71, 152, 153], "excluded_lines": []}}, "classes": {"": {"executed_lines": [], "summary": {"covered_lines": 0, "num_statements": 71, "percent_covered": 0.0, "percent_covered_display": "0", "missing_lines": 71, "excluded_lines": 0}, "missing_lines": [4, 5, 6, 7, 8, 9, 12, 13, 14, 16, 17, 18, 19, 20, 22, 24, 27, 33, 39, 44, 51, 56, 58, 60, 61, 62, 63, 65, 66, 67, 69, 71, 73, 75, 76, 77, 78, 79, 80, 82, 83, 84, 86, 87, 88, 89, 90, 92, 93, 94, 96, 99, 102, 108, 111, 112, 117, 118, 124, 127, 128, 130, 136, 137, 138, 141, 142, 148, 150, 152, 153], "excluded_lines": []}}}, "src/benchmarking/vrp_solver.py": {"executed_lines": [1, 5, 6, 7, 8, 9, 14, 15, 16, 17, 19, 20, 21, 22, 25, 27, 28, 29, 30, 31, 32, 33, 34, 35, 36, 37, 38, 39, 40, 41, 42, 43, 44, 45, 47, 48, 50, 64, 121, 164, 190, 200, 370, 432, 461, 490, 558, 606], "summary": {"covered_lines": 45, "num_statements": 270, "percent_covered": 16.666666666666668, "percent_covered_display": "17", "missing_lines": 225, "excluded_lines": 0}, "missing_lines": [57, 58, 59, 60, 61, 62, 66, 68, 70, 71, 72, 73, 74, 82, 83, 84, 85, 93, 104, 105, 108, 119, 123, 124, 127, 128, 131, 132, 133, 136, 137, 138, 139, 140, 141, 142, 143, 145, 146, 147, 148, 149, 150, 151, 154, 155, 156, 157, 158, 159, 160, 162, 167, 168, 169, 170, 172, 174, 175, 176, 177, 180, 185, 192, 198, 203, 209, 219, 222, 229, 232, 235, 236, 237, 239, 240, 241, 242, 243, 246, 253, 254, 255, 258, 261, 271, 280, 283, 284, 285, 286, 287, 288, 289, 291, 292, 293, 295, 296, 316, 319, 320, 323, 324, 325, 326, 329, 330, 331, 332, 333, 336, 339, 340, 341, 343, 344, 345, 346, 349, 351, 382, 385, 386, 387, 388, 389, 392, 393, 394, 397, 398, 399, 401, 403, 404, 405, 407, 408, 411, 412, 413, 416, 417, 418, 420, 422, 424, 425, 426, 427, 430, 438, 441, 444, 446, 447, 448, 454, 459, 471, 474, 475, 477, 478, 479, 482, 488, 493, 496, 504, 507, 510, 511, 512, 513, 514, 518, 521, 541, 544, 545, 556, 560, 561, 564, 565, 566, 567, 568, 569, 570, 571, 572, 573, 576, 577, 578, 581, 582, 583, 584, 585, 586, 588, 589, 590, 591, 592, 595, 596, 597, 598, 599, 601, 602, 603, 604, 611, 612, 614, 615, 616, 617, 619], "excluded_lines": [], "functions": {"VRPSolver.__init__": {"executed_lines": [], "summary": {"covered_lines": 0, "num_statements": 6, "percent_covered": 0.0, "percent_covered_display": "0", "missing_lines": 6, "excluded_lines": 0}, "missing_lines": [57, 58, 59, 60, 61, 62], "excluded_lines": []}, "VRPSolver._prepare_model": {"executed_lines": [], "summary": {"covered_lines": 0, "num_statements": 16, "percent_covered": 0.0, "percent_covered_display": "0", "missing_lines": 16, "excluded_lines": 0}, "missing_lines": [66, 68, 70, 71, 72, 73, 74, 82, 83, 84, 85, 93, 104, 105, 108, 119], "excluded_lines": []}, "VRPSolver._calculate_distance_matrix": {"executed_lines": [], "summary": {"covered_lines": 0, "num_statements": 30, "percent_covered": 0.0, "percent_covered_display": "0", "missing_lines": 30, "excluded_lines": 0}, "missing_lines": [123, 124, 127, 128, 131, 132, 133, 136, 137, 138, 139, 140, 141, 142, 143, 145, 146, 147, 148, 149, 150, 151, 154, 155, 156, 157, 158, 159, 160, 162], "excluded_lines": []}, "VRPSolver.solve_scv_parallel": {"executed_lines": [], "summary": {"covered_lines": 0, "num_statements": 11, "percent_covered": 0.0, "percent_covered_display": "0", "missing_lines": 11, "excluded_lines": 0}, "missing_lines": [167, 168, 169, 170, 172, 174, 175, 176, 177, 180, 185], "excluded_lines": []}, "VRPSolver._solve_single_product": {"executed_lines": [], "summary": {"covered_lines": 0, "num_statements": 2, "percent_covered": 0.0, "percent_covered_display": "0", "missing_lines": 2, "excluded_lines": 0}, "missing_lines": [192, 198], "excluded_lines": []}, "VRPSolver.solve_scv": {"executed_lines": [], "summary": {"covered_lines": 0, "num_statements": 56, "percent_covered": 0.0, "percent_covered_display": "0", "missing_lines": 56, "excluded_lines": 0}, "missing_lines": [203, 209, 219, 222, 229, 232, 235, 236, 237, 239, 240, 241, 242, 243, 246, 253, 254, 255, 258, 261, 271, 280, 283, 284, 285, 286, 287, 288, 289, 291, 292, 293, 295, 296, 316, 319, 320, 323, 324, 325, 326, 329, 330, 331, 332, 333, 336, 339, 340, 341, 343, 344, 345, 346, 349, 351], "excluded_lines": []}, "VRPSolver._print_solution": {"executed_lines": [], "summary": {"covered_lines": 0, "num_statements": 31, "percent_covered": 0.0, "percent_covered_display": "0", "missing_lines": 31, "excluded_lines": 0}, "missing_lines": [382, 385, 386, 387, 388, 389, 392, 393, 394, 397, 398, 399, 401, 403, 404, 405, 407, 408, 411, 412, 413, 416, 417, 418, 420, 422, 424, 425, 426, 427, 430], "excluded_lines": []}, "VRPSolver._prepare_multi_compartment_data": {"executed_lines": [], "summary": {"covered_lines": 0, "num_statements": 8, "percent_covered": 0.0, "percent_covered_display": "0", "missing_lines": 8, "excluded_lines": 0}, "missing_lines": [438, 441, 444, 446, 447, 448, 454, 459], "excluded_lines": []}, "VRPSolver._determine_compartment_configuration": {"executed_lines": [], "summary": {"covered_lines": 0, "num_statements": 8, "percent_covered": 0.0, "percent_covered_display": "0", "missing_lines": 8, "excluded_lines": 0}, "missing_lines": [471, 474, 475, 477, 478, 479, 482, 488], "excluded_lines": []}, "VRPSolver.solve_mcv": {"executed_lines": [], "summary": {"covered_lines": 0, "num_statements": 15, "percent_covered": 0.0, "percent_covered_display": "0", "missing_lines": 15, "excluded_lines": 0}, "missing_lines": [493, 496, 504, 507, 510, 511, 512, 513, 514, 518, 521, 541, 544, 545, 556], "excluded_lines": []}, "VRPSolver._print_diagnostic_information": {"executed_lines": [], "summary": {"covered_lines": 0, "num_statements": 35, "percent_covered": 0.0, "percent_covered_display": "0", "missing_lines": 35, "excluded_lines": 0}, "missing_lines": [560, 561, 564, 565, 566, 567, 568, 569, 570, 571, 572, 573, 576, 577, 578, 581, 582, 583, 584, 585, 586, 588, 589, 590, 591, 592, 595, 596, 597, 598, 599, 601, 602, 603, 604], "excluded_lines": []}, "VRPSolver.solve": {"executed_lines": [], "summary": {"covered_lines": 0, "num_statements": 7, "percent_covered": 0.0, "percent_covered_display": "0", "missing_lines": 7, "excluded_lines": 0}, "missing_lines": [611, 612, 614, 615, 616, 617, 619], "excluded_lines": []}, "": {"executed_lines": [1, 5, 6, 7, 8, 9, 14, 15, 16, 17, 19, 20, 21, 22, 25, 27, 28, 29, 30, 31, 32, 33, 34, 35, 36, 37, 38, 39, 40, 41, 42, 43, 44, 45, 47, 48, 50, 64, 121, 164, 190, 200, 370, 432, 461, 490, 558, 606], "summary": {"covered_lines": 45, "num_statements": 45, "percent_covered": 100.0, "percent_covered_display": "100", "missing_lines": 0, "excluded_lines": 0}, "missing_lines": [], "excluded_lines": []}}, "classes": {"VRPSolution": {"executed_lines": [], "summary": {"covered_lines": 0, "num_statements": 0, "percent_covered": 100.0, "percent_covered_display": "100", "missing_lines": 0, "excluded_lines": 0}, "missing_lines": [], "excluded_lines": []}, "VRPSolver": {"executed_lines": [], "summary": {"covered_lines": 0, "num_statements": 225, "percent_covered": 0.0, "percent_covered_display": "0", "missing_lines": 225, "excluded_lines": 0}, "missing_lines": [57, 58, 59, 60, 61, 62, 66, 68, 70, 71, 72, 73, 74, 82, 83, 84, 85, 93, 104, 105, 108, 119, 123, 124, 127, 128, 131, 132, 133, 136, 137, 138, 139, 140, 141, 142, 143, 145, 146, 147, 148, 149, 150, 151, 154, 155, 156, 157, 158, 159, 160, 162, 167, 168, 169, 170, 172, 174, 175, 176, 177, 180, 185, 192, 198, 203, 209, 219, 222, 229, 232, 235, 236, 237, 239, 240, 241, 242, 243, 246, 253, 254, 255, 258, 261, 271, 280, 283, 284, 285, 286, 287, 288, 289, 291, 292, 293, 295, 296, 316, 319, 320, 323, 324, 325, 326, 329, 330, 331, 332, 333, 336, 339, 340, 341, 343, 344, 345, 346, 349, 351, 382, 385, 386, 387, 388, 389, 392, 393, 394, 397, 398, 399, 401, 403, 404, 405, 407, 408, 411, 412, 413, 416, 417, 418, 420, 422, 424, 425, 426, 427, 430, 438, 441, 444, 446, 447, 448, 454, 459, 471, 474, 475, 477, 478, 479, 482, 488, 493, 496, 504, 507, 510, 511, 512, 513, 514, 518, 521, 541, 544, 545, 556, 560, 561, 564, 565, 566, 567, 568, 569, 570, 571, 572, 573, 576, 577, 578, 581, 582, 583, 584, 585, 586, 588, 589, 590, 591, 592, 595, 596, 597, 598, 599, 601, 602, 603, 604, 611, 612, 614, 615, 616, 617, 619], "excluded_lines": []}, "": {"executed_lines": [1, 5, 6, 7, 8, 9, 14, 15, 16, 17, 19, 20, 21, 22, 25, 27, 28, 29, 30, 31, 32, 33, 34, 35, 36, 37, 38, 39, 40, 41, 42, 43, 44, 45, 47, 48, 50, 64, 121, 164, 190, 200, 370, 432, 461, 490, 558, 606], "summary": {"covered_lines": 45, "num_statements": 45, "percent_covered": 100.0, "percent_covered_display": "100", "missing_lines": 0, "excluded_lines": 0}, "missing_lines": [], "excluded_lines": []}}}, "src/clustering.py": {"executed_lines": [1, 5, 6, 7, 8, 9, 10, 11, 12, 13, 14, 15, 16, 17, 18, 19, 21, 24, 25, 26, 27, 29, 31, 32, 33, 34, 35, 36, 37, 38, 39, 40, 41, 42, 43, 45, 47, 59, 60, 61, 63, 64, 65, 66, 67, 68, 69, 70, 71, 72, 73, 74, 75, 76, 78, 84, 88, 92, 93, 95, 103, 104, 107, 108, 111, 112, 113, 114, 117, 122, 123, 126, 127, 130, 131, 132, 133, 136, 138, 140, 142, 144, 145, 158, 165, 168, 169, 170, 173, 176, 177, 179, 186, 189, 190, 192, 195, 205, 206, 208, 224, 225, 230, 231, 232, 234, 237, 238, 243, 246, 249, 252, 253, 254, 256, 261, 264, 265, 266, 270, 283, 284, 286, 287, 288, 290, 292, 297, 300, 301, 302, 305, 307, 308, 310, 312, 322, 323, 324, 327, 330, 332, 338, 345, 352, 356, 358, 361, 363, 371, 377, 380, 387, 393, 395, 396, 397, 399, 401, 403, 417, 422, 425, 431, 432, 434, 436, 445, 452, 455, 460, 462, 468, 474, 475, 478, 479, 480, 481, 482, 483, 484, 486, 489, 491, 501, 508, 514, 526, 528, 536, 537, 538, 539, 542, 547, 549, 550, 552, 553, 554, 557, 575, 576, 577, 579, 580, 583, 584, 592, 594, 597, 600, 602, 604, 605, 606, 607, 608, 610, 613, 615, 621, 623, 624, 625, 627, 628, 629, 631, 632, 634, 636, 642, 643, 644, 645, 646, 647, 649, 655, 659, 660, 661, 662, 665, 668, 669, 675, 677, 678, 680, 689, 695, 697, 702, 704, 706, 708, 711, 715, 717, 718, 721, 723, 725, 729, 743, 769, 770, 772, 773], "summary": {"covered_lines": 268, "num_statements": 308, "percent_covered": 87.01298701298701, "percent_covered_display": "87", "missing_lines": 40, "excluded_lines": 0}, "missing_lines": [89, 90, 143, 146, 147, 148, 149, 155, 156, 226, 227, 244, 245, 258, 293, 294, 359, 365, 366, 367, 368, 369, 456, 559, 567, 568, 571, 572, 595, 611, 656, 707, 720, 744, 747, 748, 749, 755, 758, 759], "excluded_lines": [], "functions": {"Cluster.to_dict": {"executed_lines": [47, 59, 60, 61], "summary": {"covered_lines": 4, "num_statements": 4, "percent_covered": 100.0, "percent_covered_display": "100", "missing_lines": 0, "excluded_lines": 0}, "missing_lines": [], "excluded_lines": []}, "compute_cluster_metric_input": {"executed_lines": [84, 88, 92, 93], "summary": {"covered_lines": 4, "num_statements": 6, "percent_covered": 66.66666666666667, "percent_covered_display": "67", "missing_lines": 2, "excluded_lines": 0}, "missing_lines": [89, 90], "excluded_lines": []}, "compute_composite_distance": {"executed_lines": [103, 104, 107, 108, 111, 112, 113, 114, 117, 122, 123, 126, 127, 130, 131, 132, 133, 136, 138], "summary": {"covered_lines": 19, "num_statements": 19, "percent_covered": 100.0, "percent_covered_display": "100", "missing_lines": 0, "excluded_lines": 0}, "missing_lines": [], "excluded_lines": []}, "get_clustering_model": {"executed_lines": [142, 144, 145], "summary": {"covered_lines": 3, "num_statements": 10, "percent_covered": 30.0, "percent_covered_display": "30", "missing_lines": 7, "excluded_lines": 0}, "missing_lines": [143, 146, 147, 148, 149, 155, 156], "excluded_lines": []}, "get_cached_demand": {"executed_lines": [165, 168, 169, 170, 173, 176, 177], "summary": {"covered_lines": 7, "num_statements": 7, "percent_covered": 100.0, "percent_covered_display": "100", "missing_lines": 0, "excluded_lines": 0}, "missing_lines": [], "excluded_lines": []}, "get_cached_route_time": {"executed_lines": [186, 189, 190, 192, 195, 205, 206], "summary": {"covered_lines": 7, "num_statements": 7, "percent_covered": 100.0, "percent_covered_display": "100", "missing_lines": 0, "excluded_lines": 0}, "missing_lines": [], "excluded_lines": []}, "generate_clusters_for_configurations": {"executed_lines": [224, 225, 230, 231, 232, 234, 237, 238, 243, 246, 249, 252, 253, 254, 256, 261, 264, 265, 266, 270, 283, 284, 286, 287, 288, 290, 292, 297, 300, 301, 302, 305, 307, 308, 310], "summary": {"covered_lines": 35, "num_statements": 42, "percent_covered": 83.33333333333333, "percent_covered_display": "83", "missing_lines": 7, "excluded_lines": 0}, "missing_lines": [226, 227, 244, 245, 258, 293, 294], "excluded_lines": []}, "process_configuration": {"executed_lines": [322, 323, 324, 327, 330], "summary": {"covered_lines": 5, "num_statements": 5, "percent_covered": 100.0, "percent_covered_display": "100", "missing_lines": 0, "excluded_lines": 0}, "missing_lines": [], "excluded_lines": []}, "get_feasible_customers_subset": {"executed_lines": [338], "summary": {"covered_lines": 1, "num_statements": 1, "percent_covered": 100.0, "percent_covered_display": "100", "missing_lines": 0, "excluded_lines": 0}, "missing_lines": [], "excluded_lines": []}, "create_initial_clusters": {"executed_lines": [352, 356, 358, 361], "summary": {"covered_lines": 4, "num_statements": 5, "percent_covered": 80.0, "percent_covered_display": "80", "missing_lines": 1, "excluded_lines": 0}, "missing_lines": [359], "excluded_lines": []}, "create_small_dataset_clusters": {"executed_lines": [], "summary": {"covered_lines": 0, "num_statements": 5, "percent_covered": 0.0, "percent_covered_display": "0", "missing_lines": 5, "excluded_lines": 0}, "missing_lines": [365, 366, 367, 368, 369], "excluded_lines": []}, "create_normal_dataset_clusters": {"executed_lines": [377, 380, 387, 393, 395, 396, 397], "summary": {"covered_lines": 7, "num_statements": 7, "percent_covered": 100.0, "percent_covered_display": "100", "missing_lines": 0, "excluded_lines": 0}, "missing_lines": [], "excluded_lines": []}, "generate_cluster_id_base": {"executed_lines": [401], "summary": {"covered_lines": 1, "num_statements": 1, "percent_covered": 100.0, "percent_covered_display": "100", "missing_lines": 0, "excluded_lines": 0}, "missing_lines": [], "excluded_lines": []}, "check_constraints": {"executed_lines": [417, 422, 425, 431, 432, 434], "summary": {"covered_lines": 6, "num_statements": 6, "percent_covered": 100.0, "percent_covered_display": "100", "missing_lines": 0, "excluded_lines": 0}, "missing_lines": [], "excluded_lines": []}, "should_split_cluster": {"executed_lines": [445, 452, 455, 460], "summary": {"covered_lines": 4, "num_statements": 5, "percent_covered": 80.0, "percent_covered_display": "80", "missing_lines": 1, "excluded_lines": 0}, "missing_lines": [456], "excluded_lines": []}, "split_cluster": {"executed_lines": [468, 474, 475, 478, 479, 480, 481, 482, 483, 484, 486, 489], "summary": {"covered_lines": 12, "num_statements": 12, "percent_covered": 100.0, "percent_covered_display": "100", "missing_lines": 0, "excluded_lines": 0}, "missing_lines": [], "excluded_lines": []}, "create_cluster": {"executed_lines": [501, 508, 514, 526], "summary": {"covered_lines": 4, "num_statements": 4, "percent_covered": 100.0, "percent_covered_display": "100", "missing_lines": 0, "excluded_lines": 0}, "missing_lines": [], "excluded_lines": []}, "process_clusters_recursively": {"executed_lines": [536, 537, 538, 539, 542, 547, 549, 550, 552, 553, 554, 557, 575, 576, 577, 579, 580, 583, 584, 592, 594, 597, 600], "summary": {"covered_lines": 23, "num_statements": 29, "percent_covered": 79.3103448275862, "percent_covered_display": "79", "missing_lines": 6, "excluded_lines": 0}, "missing_lines": [559, 567, 568, 571, 572, 595], "excluded_lines": []}, "validate_cluster_coverage": {"executed_lines": [604, 605, 606, 607, 608, 610, 613], "summary": {"covered_lines": 7, "num_statements": 8, "percent_covered": 87.5, "percent_covered_display": "88", "missing_lines": 1, "excluded_lines": 0}, "missing_lines": [611], "excluded_lines": []}, "_generate_feasibility_mapping": {"executed_lines": [621, 623, 624, 625, 627, 628, 629, 631, 632, 634], "summary": {"covered_lines": 10, "num_statements": 10, "percent_covered": 100.0, "percent_covered_display": "100", "missing_lines": 0, "excluded_lines": 0}, "missing_lines": [], "excluded_lines": []}, "_is_customer_feasible": {"executed_lines": [642, 643, 644, 645, 646, 647], "summary": {"covered_lines": 6, "num_statements": 6, "percent_covered": 100.0, "percent_covered_display": "100", "missing_lines": 0, "excluded_lines": 0}, "missing_lines": [], "excluded_lines": []}, "estimate_num_initial_clusters": {"executed_lines": [655, 659, 660, 661, 662, 665, 668, 669, 675, 677, 678, 680, 689, 695, 697, 702], "summary": {"covered_lines": 16, "num_statements": 17, "percent_covered": 94.11764705882354, "percent_covered_display": "94", "missing_lines": 1, "excluded_lines": 0}, "missing_lines": [656], "excluded_lines": []}, "_deduplicate_clusters": {"executed_lines": [706, 708, 711, 715, 717, 718, 721], "summary": {"covered_lines": 7, "num_statements": 9, "percent_covered": 77.77777777777777, "percent_covered_display": "78", "missing_lines": 2, "excluded_lines": 0}, "missing_lines": [707, 720], "excluded_lines": []}, "_get_clustering_settings_list": {"executed_lines": [725, 729, 743, 769, 770, 772, 773], "summary": {"covered_lines": 7, "num_statements": 14, "percent_covered": 50.0, "percent_covered_display": "50", "missing_lines": 7, "excluded_lines": 0}, "missing_lines": [744, 747, 748, 749, 755, 758, 759], "excluded_lines": []}, "": {"executed_lines": [1, 5, 6, 7, 8, 9, 10, 11, 12, 13, 14, 15, 16, 17, 18, 19, 21, 24, 25, 26, 27, 29, 31, 32, 33, 34, 35, 36, 37, 38, 39, 40, 41, 42, 43, 45, 63, 64, 65, 66, 67, 68, 69, 70, 71, 72, 73, 74, 75, 76, 78, 95, 140, 158, 179, 208, 312, 332, 345, 363, 371, 399, 403, 436, 462, 491, 528, 602, 615, 636, 649, 704, 723], "summary": {"covered_lines": 69, "num_statements": 69, "percent_covered": 100.0, "percent_covered_display": "100", "missing_lines": 0, "excluded_lines": 0}, "missing_lines": [], "excluded_lines": []}}, "classes": {"Symbols": {"executed_lines": [], "summary": {"covered_lines": 0, "num_statements": 0, "percent_covered": 100.0, "percent_covered_display": "100", "missing_lines": 0, "excluded_lines": 0}, "missing_lines": [], "excluded_lines": []}, "Cluster": {"executed_lines": [47, 59, 60, 61], "summary": {"covered_lines": 4, "num_statements": 4, "percent_covered": 100.0, "percent_covered_display": "100", "missing_lines": 0, "excluded_lines": 0}, "missing_lines": [], "excluded_lines": []}, "ClusteringSettings": {"executed_lines": [], "summary": {"covered_lines": 0, "num_statements": 0, "percent_covered": 100.0, "percent_covered_display": "100", "missing_lines": 0, "excluded_lines": 0}, "missing_lines": [], "excluded_lines": []}, "": {"executed_lines": [1, 5, 6, 7, 8, 9, 10, 11, 12, 13, 14, 15, 16, 17, 18, 19, 21, 24, 25, 26, 27, 29, 31, 32, 33, 34, 35, 36, 37, 38, 39, 40, 41, 42, 43, 45, 63, 64, 65, 66, 67, 68, 69, 70, 71, 72, 73, 74, 75, 76, 78, 84, 88, 92, 93, 95, 103, 104, 107, 108, 111, 112, 113, 114, 117, 122, 123, 126, 127, 130, 131, 132, 133, 136, 138, 140, 142, 144, 145, 158, 165, 168, 169, 170, 173, 176, 177, 179, 186, 189, 190, 192, 195, 205, 206, 208, 224, 225, 230, 231, 232, 234, 237, 238, 243, 246, 249, 252, 253, 254, 256, 261, 264, 265, 266, 270, 283, 284, 286, 287, 288, 290, 292, 297, 300, 301, 302, 305, 307, 308, 310, 312, 322, 323, 324, 327, 330, 332, 338, 345, 352, 356, 358, 361, 363, 371, 377, 380, 387, 393, 395, 396, 397, 399, 401, 403, 417, 422, 425, 431, 432, 434, 436, 445, 452, 455, 460, 462, 468, 474, 475, 478, 479, 480, 481, 482, 483, 484, 486, 489, 491, 501, 508, 514, 526, 528, 536, 537, 538, 539, 542, 547, 549, 550, 552, 553, 554, 557, 575, 576, 577, 579, 580, 583, 584, 592, 594, 597, 600, 602, 604, 605, 606, 607, 608, 610, 613, 615, 621, 623, 624, 625, 627, 628, 629, 631, 632, 634, 636, 642, 643, 644, 645, 646, 647, 649, 655, 659, 660, 661, 662, 665, 668, 669, 675, 677, 678, 680, 689, 695, 697, 702, 704, 706, 708, 711, 715, 717, 718, 721, 723, 725, 729, 743, 769, 770, 772, 773], "summary": {"covered_lines": 264, "num_statements": 304, "percent_covered": 86.84210526315789, "percent_covered_display": "87", "missing_lines": 40, "excluded_lines": 0}, "missing_lines": [89, 90, 143, 146, 147, 148, 149, 155, 156, 226, 227, 244, 245, 258, 293, 294, 359, 365, 366, 367, 368, 369, 456, 559, 567, 568, 571, 572, 595, 611, 656, 707, 720, 744, 747, 748, 749, 755, 758, 759], "excluded_lines": []}}}, "src/config/__init__.py": {"executed_lines": [0], "summary": {"covered_lines": 0, "num_statements": 0, "percent_covered": 100.0, "percent_covered_display": "100", "missing_lines": 0, "excluded_lines": 0}, "missing_lines": [], "excluded_lines": [], "functions": {"": {"executed_lines": [], "summary": {"covered_lines": 0, "num_statements": 0, "percent_covered": 100.0, "percent_covered_display": "100", "missing_lines": 0, "excluded_lines": 0}, "missing_lines": [], "excluded_lines": []}}, "classes": {"": {"executed_lines": [], "summary": {"covered_lines": 0, "num_statements": 0, "percent_covered": 100.0, "percent_covered_display": "100", "missing_lines": 0, "excluded_lines": 0}, "missing_lines": [], "excluded_lines": []}}}, "src/config/parameters.py": {"executed_lines": [1, 2, 3, 4, 6, 7, 8, 9, 10, 11, 12, 13, 14, 15, 16, 17, 18, 19, 20, 21, 22, 23, 25, 26, 28, 29, 31, 32, 33, 35, 38, 39, 41, 42], "summary": {"covered_lines": 33, "num_statements": 33, "percent_covered": 100.0, "percent_covered_display": "100", "missing_lines": 0, "excluded_lines": 0}, "missing_lines": [], "excluded_lines": [], "functions": {"Parameters.from_yaml": {"executed_lines": [28, 29, 31, 32, 33], "summary": {"covered_lines": 5, "num_statements": 5, "percent_covered": 100.0, "percent_covered_display": "100", "missing_lines": 0, "excluded_lines": 0}, "missing_lines": [], "excluded_lines": []}, "Parameters.__post_init__": {"executed_lines": [38, 39, 41, 42], "summary": {"covered_lines": 4, "num_statements": 4, "percent_covered": 100.0, "percent_covered_display": "100", "missing_lines": 0, "excluded_lines": 0}, "missing_lines": [], "excluded_lines": []}, "": {"executed_lines": [1, 2, 3, 4, 6, 7, 8, 9, 10, 11, 12, 13, 14, 15, 16, 17, 18, 19, 20, 21, 22, 23, 25, 26, 35], "summary": {"covered_lines": 24, "num_statements": 24, "percent_covered": 100.0, "percent_covered_display": "100", "missing_lines": 0, "excluded_lines": 0}, "missing_lines": [], "excluded_lines": []}}, "classes": {"Parameters": {"executed_lines": [28, 29, 31, 32, 33, 38, 39, 41, 42], "summary": {"covered_lines": 9, "num_statements": 9, "percent_covered": 100.0, "percent_covered_display": "100", "missing_lines": 0, "excluded_lines": 0}, "missing_lines": [], "excluded_lines": []}, "": {"executed_lines": [1, 2, 3, 4, 6, 7, 8, 9, 10, 11, 12, 13, 14, 15, 16, 17, 18, 19, 20, 21, 22, 23, 25, 26, 35], "summary": {"covered_lines": 24, "num_statements": 24, "percent_covered": 100.0, "percent_covered_display": "100", "missing_lines": 0, "excluded_lines": 0}, "missing_lines": [], "excluded_lines": []}}}, "src/fsm_optimizer.py": {"executed_lines": [1, 7, 8, 9, 10, 11, 12, 13, 15, 16, 17, 19, 21, 42, 45, 47, 48, 49, 51, 52, 55, 61, 62, 69, 70, 75, 85, 93, 94, 101, 103, 111, 114, 117, 118, 119, 122, 123, 124, 127, 133, 134, 135, 136, 137, 138, 140, 141, 143, 144, 147, 151, 152, 155, 156, 158, 159, 160, 161, 164, 165, 166, 167, 168, 171, 172, 173, 174, 175, 177, 178, 179, 182, 183, 189, 190, 195, 198, 206, 207, 215, 216, 221, 222, 223, 225, 227, 233, 238, 239, 240, 241, 245, 250, 252, 254, 262, 264, 265, 266, 267, 269, 270, 271, 276, 277, 282, 283, 290, 292, 386, 397, 404, 415, 422, 423, 428, 431, 437, 439, 450, 473, 474, 475, 478, 479, 480, 481, 484, 486], "summary": {"covered_lines": 129, "num_statements": 162, "percent_covered": 79.62962962962963, "percent_covered_display": "80", "missing_lines": 33, "excluded_lines": 0}, "missing_lines": [56, 57, 58, 299, 300, 303, 304, 310, 311, 312, 316, 320, 324, 328, 334, 335, 336, 337, 343, 346, 347, 348, 356, 357, 358, 361, 366, 368, 369, 370, 378, 379, 380], "excluded_lines": [], "functions": {"solve_fsm_problem": {"executed_lines": [42, 45, 47, 48, 49, 51, 52, 55, 61, 62, 69, 70, 75, 85, 93, 94, 101], "summary": {"covered_lines": 17, "num_statements": 20, "percent_covered": 85.0, "percent_covered_display": "85", "missing_lines": 3, "excluded_lines": 0}, "missing_lines": [56, 57, 58], "excluded_lines": []}, "_create_model": {"executed_lines": [111, 114, 117, 118, 119, 122, 123, 124, 127, 133, 134, 135, 136, 137, 138, 140, 141, 143, 144, 147, 151, 152, 155, 156, 158, 159, 160, 161, 164, 165, 166, 167, 168, 171, 172, 173, 174, 175, 177, 178, 179, 182, 183, 189, 190, 195, 198, 206, 207, 215, 216, 221, 222, 223, 225], "summary": {"covered_lines": 55, "num_statements": 55, "percent_covered": 100.0, "percent_covered_display": "100", "missing_lines": 0, "excluded_lines": 0}, "missing_lines": [], "excluded_lines": []}, "_extract_solution": {"executed_lines": [233, 238, 239, 240, 241, 245, 250, 252], "summary": {"covered_lines": 8, "num_statements": 8, "percent_covered": 100.0, "percent_covered_display": "100", "missing_lines": 0, "excluded_lines": 0}, "missing_lines": [], "excluded_lines": []}, "_validate_solution": {"executed_lines": [262, 264, 265, 266, 267, 269, 270, 271, 276, 277, 282, 283, 290], "summary": {"covered_lines": 13, "num_statements": 13, "percent_covered": 100.0, "percent_covered_display": "100", "missing_lines": 0, "excluded_lines": 0}, "missing_lines": [], "excluded_lines": []}, "_print_solution_details": {"executed_lines": [], "summary": {"covered_lines": 0, "num_statements": 30, "percent_covered": 0.0, "percent_covered_display": "0", "missing_lines": 30, "excluded_lines": 0}, "missing_lines": [299, 300, 303, 304, 310, 311, 312, 316, 320, 324, 328, 334, 335, 336, 337, 343, 346, 347, 348, 356, 357, 358, 361, 366, 368, 369, 370, 378, 379, 380], "excluded_lines": []}, "_calculate_solution_statistics": {"executed_lines": [397, 404, 415, 422, 423, 428, 431, 437, 439], "summary": {"covered_lines": 9, "num_statements": 9, "percent_covered": 100.0, "percent_covered_display": "100", "missing_lines": 0, "excluded_lines": 0}, "missing_lines": [], "excluded_lines": []}, "_calculate_cluster_cost": {"executed_lines": [473, 474, 475, 478, 479, 480, 481, 484, 486], "summary": {"covered_lines": 9, "num_statements": 9, "percent_covered": 100.0, "percent_covered_display": "100", "missing_lines": 0, "excluded_lines": 0}, "missing_lines": [], "excluded_lines": []}, "": {"executed_lines": [1, 7, 8, 9, 10, 11, 12, 13, 15, 16, 17, 19, 21, 103, 227, 254, 292, 386, 450], "summary": {"covered_lines": 18, "num_statements": 18, "percent_covered": 100.0, "percent_covered_display": "100", "missing_lines": 0, "excluded_lines": 0}, "missing_lines": [], "excluded_lines": []}}, "classes": {"": {"executed_lines": [1, 7, 8, 9, 10, 11, 12, 13, 15, 16, 17, 19, 21, 42, 45, 47, 48, 49, 51, 52, 55, 61, 62, 69, 70, 75, 85, 93, 94, 101, 103, 111, 114, 117, 118, 119, 122, 123, 124, 127, 133, 134, 135, 136, 137, 138, 140, 141, 143, 144, 147, 151, 152, 155, 156, 158, 159, 160, 161, 164, 165, 166, 167, 168, 171, 172, 173, 174, 175, 177, 178, 179, 182, 183, 189, 190, 195, 198, 206, 207, 215, 216, 221, 222, 223, 225, 227, 233, 238, 239, 240, 241, 245, 250, 252, 254, 262, 264, 265, 266, 267, 269, 270, 271, 276, 277, 282, 283, 290, 292, 386, 397, 404, 415, 422, 423, 428, 431, 437, 439, 450, 473, 474, 475, 478, 479, 480, 481, 484, 486], "summary": {"covered_lines": 129, "num_statements": 162, "percent_covered": 79.62962962962963, "percent_covered_display": "80", "missing_lines": 33, "excluded_lines": 0}, "missing_lines": [56, 57, 58, 299, 300, 303, 304, 310, 311, 312, 316, 320, 324, 328, 334, 335, 336, 337, 343, 346, 347, 348, 356, 357, 358, 361, 366, 368, 369, 370, 378, 379, 380], "excluded_lines": []}}}, "src/main.py": {"executed_lines": [1, 4, 5, 6, 7, 10, 11, 14, 15, 16, 17, 18, 19, 20, 22, 25, 26, 29, 33, 34, 37, 45, 46, 49, 50, 53, 54, 57, 62, 65, 72, 77, 93, 94, 96], "summary": {"covered_lines": 34, "num_statements": 38, "percent_covered": 89.47368421052632, "percent_covered_display": "89", "missing_lines": 4, "excluded_lines": 0}, "missing_lines": [12, 30, 31, 97], "excluded_lines": [], "functions": {"main": {"executed_lines": [25, 26, 29, 33, 34, 37, 45, 46, 49, 50, 53, 54, 57, 62, 65, 72, 77, 93, 94], "summary": {"covered_lines": 19, "num_statements": 21, "percent_covered": 90.47619047619048, "percent_covered_display": "90", "missing_lines": 2, "excluded_lines": 0}, "missing_lines": [30, 31], "excluded_lines": []}, "": {"executed_lines": [1, 4, 5, 6, 7, 10, 11, 14, 15, 16, 17, 18, 19, 20, 22, 96], "summary": {"covered_lines": 15, "num_statements": 17, "percent_covered": 88.23529411764706, "percent_covered_display": "88", "missing_lines": 2, "excluded_lines": 0}, "missing_lines": [12, 97], "excluded_lines": []}}, "classes": {"": {"executed_lines": [1, 4, 5, 6, 7, 10, 11, 14, 15, 16, 17, 18, 19, 20, 22, 25, 26, 29, 33, 34, 37, 45, 46, 49, 50, 53, 54, 57, 62, 65, 72, 77, 93, 94, 96], "summary": {"covered_lines": 34, "num_statements": 38, "percent_covered": 89.47368421052632, "percent_covered_display": "89", "missing_lines": 4, "excluded_lines": 0}, "missing_lines": [12, 30, 31, 97], "excluded_lines": []}}}, "src/post_optimization.py": {"executed_lines": [1, 3, 4, 5, 7, 8, 10, 12, 14, 15, 17, 25, 27, 28, 31, 32, 33, 36, 37, 39, 42, 43, 48, 49, 55, 62, 63, 64, 66, 69, 73, 74, 75, 78, 81, 87, 94, 96, 103, 104, 113, 118, 120, 123, 126, 127, 132, 138, 139, 140, 142, 145, 150, 155, 159, 167, 168, 171, 178, 179, 182, 187, 199, 202, 203, 205, 207, 208, 212, 218, 220, 229, 230, 232, 233, 234, 237, 238, 241, 242, 244, 251, 256, 263, 266], "summary": {"covered_lines": 84, "num_statements": 95, "percent_covered": 88.42105263157895, "percent_covered_display": "88", "missing_lines": 11, "excluded_lines": 0}, "missing_lines": [44, 45, 50, 76, 121, 151, 152, 156, 157, 253, 264], "excluded_lines": [], "functions": {"improve_solution": {"executed_lines": [25, 27, 28, 31, 32, 33, 36, 37, 39, 42, 43, 48, 49, 55, 62, 63, 64, 66, 69, 73, 74, 75, 78, 81, 87, 94], "summary": {"covered_lines": 26, "num_statements": 30, "percent_covered": 86.66666666666667, "percent_covered_display": "87", "missing_lines": 4, "excluded_lines": 0}, "missing_lines": [44, 45, 50, 76], "excluded_lines": []}, "generate_post_optimization_merges": {"executed_lines": [103, 104, 113, 118, 120, 123, 126, 127, 132, 138, 139, 140, 142, 145, 150, 155, 159, 167, 168, 171, 178, 179, 182, 187, 199, 202, 203, 205, 207, 208, 212, 218], "summary": {"covered_lines": 32, "num_statements": 37, "percent_covered": 86.48648648648648, "percent_covered_display": "86", "missing_lines": 5, "excluded_lines": 0}, "missing_lines": [121, 151, 152, 156, 157], "excluded_lines": []}, "validate_merged_cluster": {"executed_lines": [229, 230, 232, 233, 234, 237, 238, 241, 242, 244, 251, 256, 263, 266], "summary": {"covered_lines": 14, "num_statements": 16, "percent_covered": 87.5, "percent_covered_display": "88", "missing_lines": 2, "excluded_lines": 0}, "missing_lines": [253, 264], "excluded_lines": []}, "": {"executed_lines": [1, 3, 4, 5, 7, 8, 10, 12, 14, 15, 17, 96, 220], "summary": {"covered_lines": 12, "num_statements": 12, "percent_covered": 100.0, "percent_covered_display": "100", "missing_lines": 0, "excluded_lines": 0}, "missing_lines": [], "excluded_lines": []}}, "classes": {"": {"executed_lines": [1, 3, 4, 5, 7, 8, 10, 12, 14, 15, 17, 25, 27, 28, 31, 32, 33, 36, 37, 39, 42, 43, 48, 49, 55, 62, 63, 64, 66, 69, 73, 74, 75, 78, 81, 87, 94, 96, 103, 104, 113, 118, 120, 123, 126, 127, 132, 138, 139, 140, 142, 145, 150, 155, 159, 167, 168, 171, 178, 179, 182, 187, 199, 202, 203, 205, 207, 208, 212, 218, 220, 229, 230, 232, 233, 234, 237, 238, 241, 242, 244, 251, 256, 263, 266], "summary": {"covered_lines": 84, "num_statements": 95, "percent_covered": 88.42105263157895, "percent_covered_display": "88", "missing_lines": 11, "excluded_lines": 0}, "missing_lines": [44, 45, 50, 76, 121, 151, 152, 156, 157, 253, 264], "excluded_lines": []}}}, "src/utils/__init__.py": {"executed_lines": [0], "summary": {"covered_lines": 0, "num_statements": 0, "percent_covered": 100.0, "percent_covered_display": "100", "missing_lines": 0, "excluded_lines": 0}, "missing_lines": [], "excluded_lines": [], "functions": {"": {"executed_lines": [], "summary": {"covered_lines": 0, "num_statements": 0, "percent_covered": 100.0, "percent_covered_display": "100", "missing_lines": 0, "excluded_lines": 0}, "missing_lines": [], "excluded_lines": []}}, "classes": {"": {"executed_lines": [], "summary": {"covered_lines": 0, "num_statements": 0, "percent_covered": 100.0, "percent_covered_display": "100", "missing_lines": 0, "excluded_lines": 0}, "missing_lines": [], "excluded_lines": []}}}, "src/utils/cli.py": {"executed_lines": [1, 2, 3, 4, 5, 6, 8, 117, 119, 125, 132, 133, 134, 135, 136, 137, 138, 139, 144, 145, 151, 157, 163, 164, 165, 173, 175, 178, 181, 182, 185, 187, 189, 192, 193, 195, 198, 202, 203, 204, 206, 207, 208, 209, 210, 211, 212, 213, 214, 215, 217, 220, 221, 222, 223, 225], "summary": {"covered_lines": 56, "num_statements": 59, "percent_covered": 94.91525423728814, "percent_covered_display": "95", "missing_lines": 3, "excluded_lines": 0}, "missing_lines": [10, 114, 115], "excluded_lines": [], "functions": {"print_parameter_help": {"executed_lines": [], "summary": {"covered_lines": 0, "num_statements": 3, "percent_covered": 0.0, "percent_covered_display": "0", "missing_lines": 3, "excluded_lines": 0}, "missing_lines": [10, 114, 115], "excluded_lines": []}, "parse_args": {"executed_lines": [119, 125, 132, 133, 134, 135, 136, 137, 138, 139, 144, 145, 151, 157, 163, 164, 165, 173], "summary": {"covered_lines": 18, "num_statements": 18, "percent_covered": 100.0, "percent_covered_display": "100", "missing_lines": 0, "excluded_lines": 0}, "missing_lines": [], "excluded_lines": []}, "get_parameter_overrides": {"executed_lines": [178, 181, 182, 185, 187], "summary": {"covered_lines": 5, "num_statements": 5, "percent_covered": 100.0, "percent_covered_display": "100", "missing_lines": 0, "excluded_lines": 0}, "missing_lines": [], "excluded_lines": []}, "load_parameters": {"executed_lines": [192, 193, 195, 198, 202, 203, 204, 206, 207, 208, 209, 210, 211, 212, 213, 214, 215, 217, 220, 221, 222, 223, 225], "summary": {"covered_lines": 23, "num_statements": 23, "percent_covered": 100.0, "percent_covered_display": "100", "missing_lines": 0, "excluded_lines": 0}, "missing_lines": [], "excluded_lines": []}, "": {"executed_lines": [1, 2, 3, 4, 5, 6, 8, 117, 175, 189], "summary": {"covered_lines": 10, "num_statements": 10, "percent_covered": 100.0, "percent_covered_display": "100", "missing_lines": 0, "excluded_lines": 0}, "missing_lines": [], "excluded_lines": []}}, "classes": {"": {"executed_lines": [1, 2, 3, 4, 5, 6, 8, 117, 119, 125, 132, 133, 134, 135, 136, 137, 138, 139, 144, 145, 151, 157, 163, 164, 165, 173, 175, 178, 181, 182, 185, 187, 189, 192, 193, 195, 198, 202, 203, 204, 206, 207, 208, 209, 210, 211, 212, 213, 214, 215, 217, 220, 221, 222, 223, 225], "summary": {"covered_lines": 56, "num_statements": 59, "percent_covered": 94.91525423728814, "percent_covered_display": "95", "missing_lines": 3, "excluded_lines": 0}, "missing_lines": [10, 114, 115], "excluded_lines": []}}}, "src/utils/coordinate_converter.py": {"executed_lines": [1, 5, 6, 7, 10, 11, 12, 13, 14, 15, 16, 18, 19, 21, 26, 27, 29, 31, 32, 34, 37, 38, 47, 60, 61, 67, 70, 71, 72, 73, 74, 78, 79, 80, 83, 85, 97, 98, 102, 104, 105, 107, 109, 121, 122, 125, 126, 128, 130, 141, 142, 143, 144, 147, 150, 198], "summary": {"covered_lines": 53, "num_statements": 87, "percent_covered": 60.91954022988506, "percent_covered_display": "61", "missing_lines": 34, "excluded_lines": 0}, "missing_lines": [146, 158, 161, 164, 165, 166, 170, 171, 173, 174, 175, 177, 179, 180, 181, 184, 185, 186, 189, 191, 192, 193, 194, 195, 200, 208, 211, 213, 214, 215, 217, 218, 219, 222], "excluded_lines": [], "functions": {"GeoBounds.center": {"executed_lines": [21], "summary": {"covered_lines": 1, "num_statements": 1, "percent_covered": 100.0, "percent_covered_display": "100", "missing_lines": 0, "excluded_lines": 0}, "missing_lines": [], "excluded_lines": []}, "GeoBounds.lat_span": {"executed_lines": [29], "summary": {"covered_lines": 1, "num_statements": 1, "percent_covered": 100.0, "percent_covered_display": "100", "missing_lines": 0, "excluded_lines": 0}, "missing_lines": [], "excluded_lines": []}, "GeoBounds.lon_span": {"executed_lines": [34], "summary": {"covered_lines": 1, "num_statements": 1, "percent_covered": 100.0, "percent_covered_display": "100", "missing_lines": 0, "excluded_lines": 0}, "missing_lines": [], "excluded_lines": []}, "CoordinateConverter.__init__": {"executed_lines": [60, 61, 67, 70, 71, 72, 73, 74, 78, 79, 80, 83], "summary": {"covered_lines": 12, "num_statements": 12, "percent_covered": 100.0, "percent_covered_display": "100", "missing_lines": 0, "excluded_lines": 0}, "missing_lines": [], "excluded_lines": []}, "CoordinateConverter.to_geographic": {"executed_lines": [97, 98, 102, 104, 105, 107], "summary": {"covered_lines": 6, "num_statements": 6, "percent_covered": 100.0, "percent_covered_display": "100", "missing_lines": 0, "excluded_lines": 0}, "missing_lines": [], "excluded_lines": []}, "CoordinateConverter.to_cvrp": {"executed_lines": [121, 122, 125, 126, 128], "summary": {"covered_lines": 5, "num_statements": 5, "percent_covered": 100.0, "percent_covered_display": "100", "missing_lines": 0, "excluded_lines": 0}, "missing_lines": [], "excluded_lines": []}, "CoordinateConverter.convert_all_coordinates": {"executed_lines": [141, 142, 143, 144, 147], "summary": {"covered_lines": 5, "num_statements": 6, "percent_covered": 83.33333333333333, "percent_covered_display": "83", "missing_lines": 1, "excluded_lines": 0}, "missing_lines": [146], "excluded_lines": []}, "validate_conversion": {"executed_lines": [], "summary": {"covered_lines": 0, "num_statements": 23, "percent_covered": 0.0, "percent_covered_display": "0", "missing_lines": 23, "excluded_lines": 0}, "missing_lines": [158, 161, 164, 165, 166, 170, 171, 173, 174, 175, 177, 179, 180, 181, 184, 185, 186, 189, 191, 192, 193, 194, 195], "excluded_lines": []}, "": {"executed_lines": [1, 5, 6, 7, 10, 11, 12, 13, 14, 15, 16, 18, 19, 26, 27, 31, 32, 37, 38, 47, 85, 109, 130, 150, 198], "summary": {"covered_lines": 22, "num_statements": 32, "percent_covered": 68.75, "percent_covered_display": "69", "missing_lines": 10, "excluded_lines": 0}, "missing_lines": [200, 208, 211, 213, 214, 215, 217, 218, 219, 222], "excluded_lines": []}}, "classes": {"GeoBounds": {"executed_lines": [21, 29, 34], "summary": {"covered_lines": 3, "num_statements": 3, "percent_covered": 100.0, "percent_covered_display": "100", "missing_lines": 0, "excluded_lines": 0}, "missing_lines": [], "excluded_lines": []}, "CoordinateConverter": {"executed_lines": [60, 61, 67, 70, 71, 72, 73, 74, 78, 79, 80, 83, 97, 98, 102, 104, 105, 107, 121, 122, 125, 126, 128, 141, 142, 143, 144, 147], "summary": {"covered_lines": 28, "num_statements": 29, "percent_covered": 96.55172413793103, "percent_covered_display": "97", "missing_lines": 1, "excluded_lines": 0}, "missing_lines": [146], "excluded_lines": []}, "": {"executed_lines": [1, 5, 6, 7, 10, 11, 12, 13, 14, 15, 16, 18, 19, 26, 27, 31, 32, 37, 38, 47, 85, 109, 130, 150, 198], "summary": {"covered_lines": 22, "num_statements": 55, "percent_covered": 40.0, "percent_covered_display": "40", "missing_lines": 33, "excluded_lines": 0}, "missing_lines": [158, 161, 164, 165, 166, 170, 171, 173, 174, 175, 177, 179, 180, 181, 184, 185, 186, 189, 191, 192, 193, 194, 195, 200, 208, 211, 213, 214, 215, 217, 218, 219, 222], "excluded_lines": []}}}, "src/utils/data_processing.py": {"executed_lines": [1, 2, 4, 7, 11, 13, 14, 17, 30, 39, 47, 48, 55, 56, 57, 60, 61, 68], "summary": {"covered_lines": 18, "num_statements": 20, "percent_covered": 90.0, "percent_covered_display": "90", "missing_lines": 2, "excluded_lines": 0}, "missing_lines": [5, 9], "excluded_lines": [], "functions": {"data_dir": {"executed_lines": [], "summary": {"covered_lines": 0, "num_statements": 1, "percent_covered": 0.0, "percent_covered_display": "0", "missing_lines": 1, "excluded_lines": 0}, "missing_lines": [5], "excluded_lines": []}, "get_demand_profiles_dir": {"executed_lines": [], "summary": {"covered_lines": 0, "num_statements": 1, "percent_covered": 0.0, "percent_covered_display": "0", "missing_lines": 1, "excluded_lines": 0}, "missing_lines": [9], "excluded_lines": []}, "load_customer_demand": {"executed_lines": [13, 14, 17, 30, 39, 47, 48, 55, 56, 57, 60, 61, 68], "summary": {"covered_lines": 13, "num_statements": 13, "percent_covered": 100.0, "percent_covered_display": "100", "missing_lines": 0, "excluded_lines": 0}, "missing_lines": [], "excluded_lines": []}, "": {"executed_lines": [1, 2, 4, 7, 11], "summary": {"covered_lines": 5, "num_statements": 5, "percent_covered": 100.0, "percent_covered_display": "100", "missing_lines": 0, "excluded_lines": 0}, "missing_lines": [], "excluded_lines": []}}, "classes": {"": {"executed_lines": [1, 2, 4, 7, 11, 13, 14, 17, 30, 39, 47, 48, 55, 56, 57, 60, 61, 68], "summary": {"covered_lines": 18, "num_statements": 20, "percent_covered": 90.0, "percent_covered_display": "90", "missing_lines": 2, "excluded_lines": 0}, "missing_lines": [5, 9], "excluded_lines": []}}}, "src/utils/logging.py": {"executed_lines": [1, 2, 3, 5, 6, 7, 8, 9, 10, 11, 12, 13, 14, 15, 17, 18, 19, 20, 21, 22, 23, 24, 25, 26, 28, 29, 30, 31, 39, 41, 43, 44, 46, 47, 49, 50, 51, 53, 54, 55, 56, 57, 62, 65, 72, 74, 75, 76, 77, 78, 79, 81, 83, 84], "summary": {"covered_lines": 49, "num_statements": 49, "percent_covered": 100.0, "percent_covered_display": "100", "missing_lines": 0, "excluded_lines": 0}, "missing_lines": [], "excluded_lines": [], "functions": {"SimpleFormatter.format": {"executed_lines": [31, 39], "summary": {"covered_lines": 2, "num_statements": 2, "percent_covered": 100.0, "percent_covered_display": "100", "missing_lines": 0, "excluded_lines": 0}, "missing_lines": [], "excluded_lines": []}, "setup_logging": {"executed_lines": [43, 44, 46, 47, 49, 50, 51], "summary": {"covered_lines": 7, "num_statements": 7, "percent_covered": 100.0, "percent_covered_display": "100", "missing_lines": 0, "excluded_lines": 0}, "missing_lines": [], "excluded_lines": []}, "ProgressTracker.__init__": {"executed_lines": [56, 57, 62, 65], "summary": {"covered_lines": 4, "num_statements": 4, "percent_covered": 100.0, "percent_covered_display": "100", "missing_lines": 0, "excluded_lines": 0}, "missing_lines": [], "excluded_lines": []}, "ProgressTracker.advance": {"executed_lines": [74, 75, 76, 77, 78, 79], "summary": {"covered_lines": 6, "num_statements": 6, "percent_covered": 100.0, "percent_covered_display": "100", "missing_lines": 0, "excluded_lines": 0}, "missing_lines": [], "excluded_lines": []}, "ProgressTracker.close": {"executed_lines": [83, 84], "summary": {"covered_lines": 2, "num_statements": 2, "percent_covered": 100.0, "percent_covered_display": "100", "missing_lines": 0, "excluded_lines": 0}, "missing_lines": [], "excluded_lines": []}, "": {"executed_lines": [1, 2, 3, 5, 6, 7, 8, 9, 10, 11, 12, 13, 14, 15, 17, 18, 19, 20, 21, 22, 23, 24, 25, 26, 28, 29, 30, 41, 53, 54, 55, 72, 81], "summary": {"covered_lines": 28, "num_statements": 28, "percent_covered": 100.0, "percent_covered_display": "100", "missing_lines": 0, "excluded_lines": 0}, "missing_lines": [], "excluded_lines": []}}, "classes": {"Colors": {"executed_lines": [], "summary": {"covered_lines": 0, "num_statements": 0, "percent_covered": 100.0, "percent_covered_display": "100", "missing_lines": 0, "excluded_lines": 0}, "missing_lines": [], "excluded_lines": []}, "Symbols": {"executed_lines": [], "summary": {"covered_lines": 0, "num_statements": 0, "percent_covered": 100.0, "percent_covered_display": "100", "missing_lines": 0, "excluded_lines": 0}, "missing_lines": [], "excluded_lines": []}, "SimpleFormatter": {"executed_lines": [31, 39], "summary": {"covered_lines": 2, "num_statements": 2, "percent_covered": 100.0, "percent_covered_display": "100", "missing_lines": 0, "excluded_lines": 0}, "missing_lines": [], "excluded_lines": []}, "ProgressTracker": {"executed_lines": [56, 57, 62, 65, 74, 75, 76, 77, 78, 79, 83, 84], "summary": {"covered_lines": 12, "num_statements": 12, "percent_covered": 100.0, "percent_covered_display": "100", "missing_lines": 0, "excluded_lines": 0}, "missing_lines": [], "excluded_lines": []}, "": {"executed_lines": [1, 2, 3, 5, 6, 7, 8, 9, 10, 11, 12, 13, 14, 15, 17, 18, 19, 20, 21, 22, 23, 24, 25, 26, 28, 29, 30, 41, 43, 44, 46, 47, 49, 50, 51, 53, 54, 55, 72, 81], "summary": {"covered_lines": 35, "num_statements": 35, "percent_covered": 100.0, "percent_covered_display": "100", "missing_lines": 0, "excluded_lines": 0}, "missing_lines": [], "excluded_lines": []}}}, "src/utils/route_time.py": {"executed_lines": [1, 2, 3, 4, 5, 7, 12, 13, 15, 18, 25, 39, 43, 45, 47, 49, 52, 55, 57, 61, 62, 65, 66, 69, 72, 73, 75, 78, 81, 82, 85, 86, 87, 88, 91, 113, 114, 115, 117, 123, 125, 132, 134, 136, 146, 150, 153, 154, 155, 159, 162, 172, 173, 178, 180, 182, 204, 207, 209, 210, 211, 212, 213, 214, 215, 216, 218, 219, 225, 228, 234, 235, 236, 247, 248, 251, 252, 259, 260, 261, 264, 270, 324, 325, 326, 327, 330, 331, 334, 336, 337, 339, 342, 345, 346, 349, 350, 351, 356, 361, 368, 372, 376, 383, 385, 392, 393, 395, 398, 399, 402, 403, 408], "summary": {"covered_lines": 112, "num_statements": 158, "percent_covered": 70.88607594936708, "percent_covered_display": "71", "missing_lines": 46, "excluded_lines": 0}, "missing_lines": [40, 41, 48, 58, 59, 118, 121, 130, 147, 208, 250, 271, 273, 274, 275, 276, 279, 280, 282, 283, 284, 285, 286, 290, 292, 293, 296, 298, 300, 302, 303, 306, 308, 309, 311, 313, 314, 317, 318, 319, 320, 357, 359, 405, 410, 413], "excluded_lines": [], "functions": {"build_distance_duration_matrices": {"executed_lines": [39, 43, 45, 47, 49, 52, 55, 57, 61, 62, 65, 66, 69, 72, 73, 75, 78, 81, 82, 85, 86, 87, 88], "summary": {"covered_lines": 23, "num_statements": 28, "percent_covered": 82.14285714285714, "percent_covered_display": "82", "missing_lines": 5, "excluded_lines": 0}, "missing_lines": [40, 41, 48, 58, 59], "excluded_lines": []}, "estimate_route_time": {"executed_lines": [113, 114, 115, 117, 123, 125], "summary": {"covered_lines": 6, "num_statements": 9, "percent_covered": 66.66666666666667, "percent_covered_display": "67", "missing_lines": 3, "excluded_lines": 0}, "missing_lines": [118, 121, 130], "excluded_lines": []}, "_legacy_estimation": {"executed_lines": [134], "summary": {"covered_lines": 1, "num_statements": 1, "percent_covered": 100.0, "percent_covered_display": "100", "missing_lines": 0, "excluded_lines": 0}, "missing_lines": [], "excluded_lines": []}, "_bhh_estimation": {"executed_lines": [146, 150, 153, 154, 155, 159, 162, 172, 173, 178, 180], "summary": {"covered_lines": 11, "num_statements": 12, "percent_covered": 91.66666666666667, "percent_covered_display": "92", "missing_lines": 1, "excluded_lines": 0}, "missing_lines": [147], "excluded_lines": []}, "_pyvrp_tsp_estimation": {"executed_lines": [204, 207, 209, 210, 211, 212, 213, 214, 215, 216, 218, 219, 225, 228, 234, 235, 236, 247, 248, 251, 252, 259, 260, 261, 264, 270, 324, 325, 326, 327, 330, 331, 334, 336, 337, 339, 342, 345, 346, 349, 350, 351, 356, 361, 368, 372, 376, 383, 385, 392, 393, 395, 398, 399, 402, 403, 408], "summary": {"covered_lines": 57, "num_statements": 94, "percent_covered": 60.638297872340424, "percent_covered_display": "61", "missing_lines": 37, "excluded_lines": 0}, "missing_lines": [208, 250, 271, 273, 274, 275, 276, 279, 280, 282, 283, 284, 285, 286, 290, 292, 293, 296, 298, 300, 302, 303, 306, 308, 309, 311, 313, 314, 317, 318, 319, 320, 357, 359, 405, 410, 413], "excluded_lines": []}, "": {"executed_lines": [1, 2, 3, 4, 5, 7, 12, 13, 15, 18, 25, 91, 132, 136, 182], "summary": {"covered_lines": 14, "num_statements": 14, "percent_covered": 100.0, "percent_covered_display": "100", "missing_lines": 0, "excluded_lines": 0}, "missing_lines": [], "excluded_lines": []}}, "classes": {"": {"executed_lines": [1, 2, 3, 4, 5, 7, 12, 13, 15, 18, 25, 39, 43, 45, 47, 49, 52, 55, 57, 61, 62, 65, 66, 69, 72, 73, 75, 78, 81, 82, 85, 86, 87, 88, 91, 113, 114, 115, 117, 123, 125, 132, 134, 136, 146, 150, 153, 154, 155, 159, 162, 172, 173, 178, 180, 182, 204, 207, 209, 210, 211, 212, 213, 214, 215, 216, 218, 219, 225, 228, 234, 235, 236, 247, 248, 251, 252, 259, 260, 261, 264, 270, 324, 325, 326, 327, 330, 331, 334, 336, 337, 339, 342, 345, 346, 349, 350, 351, 356, 361, 368, 372, 376, 383, 385, 392, 393, 395, 398, 399, 402, 403, 408], "summary": {"covered_lines": 112, "num_statements": 158, "percent_covered": 70.88607594936708, "percent_covered_display": "71", "missing_lines": 46, "excluded_lines": 0}, "missing_lines": [40, 41, 48, 58, 59, 118, 121, 130, 147, 208, 250, 271, 273, 274, 275, 276, 279, 280, 282, 283, 284, 285, 286, 290, 292, 293, 296, 298, 300, 302, 303, 306, 308, 309, 311, 313, 314, 317, 318, 319, 320, 357, 359, 405, 410, 413], "excluded_lines": []}}}, "src/utils/save_results.py": {"executed_lines": [1, 2, 3, 4, 5, 6, 7, 8, 9, 10, 11, 12, 13, 14, 15, 16, 19, 21, 42, 49, 50, 53, 54, 60, 61, 62, 66, 67, 68, 70, 71, 73, 76, 86, 87, 88, 92, 119, 120, 121, 122, 125, 126, 127, 128, 129, 130, 133, 134, 137, 138, 142, 143, 146, 147, 148, 153, 154, 155, 160, 161, 162, 163, 166, 192, 193, 196, 199, 207, 209, 211, 216, 221, 223, 224, 229, 233, 236, 241, 245, 281, 354], "summary": {"covered_lines": 82, "num_statements": 164, "percent_covered": 50.0, "percent_covered_display": "50", "missing_lines": 82, "excluded_lines": 0}, "missing_lines": [43, 44, 45, 46, 57, 63, 194, 200, 201, 203, 204, 205, 247, 248, 249, 250, 251, 252, 253, 254, 255, 259, 260, 261, 262, 264, 269, 278, 279, 295, 302, 303, 306, 313, 314, 315, 316, 319, 320, 321, 324, 327, 337, 348, 351, 352, 364, 365, 368, 369, 370, 371, 372, 382, 392, 395, 396, 397, 398, 400, 401, 407, 408, 410, 419, 421, 423, 425, 428, 429, 432, 433, 434, 437, 438, 439, 442, 443, 446, 448, 451, 459], "excluded_lines": [], "functions": {"save_optimization_results": {"executed_lines": [42, 49, 50, 53, 54, 60, 61, 62, 66, 67, 68, 70, 71, 73, 76, 86, 87, 88, 92, 119, 120, 121, 122, 125, 126, 127, 128, 129, 130, 133, 134, 137, 138, 142, 143, 146, 147, 148, 153, 154, 155, 160, 161, 162, 163, 166, 192, 193, 196, 199], "summary": {"covered_lines": 50, "num_statements": 62, "percent_covered": 80.64516129032258, "percent_covered_display": "81", "missing_lines": 12, "excluded_lines": 0}, "missing_lines": [43, 44, 45, 46, 57, 63, 194, 200, 201, 203, 204, 205], "excluded_lines": []}, "_write_to_excel": {"executed_lines": [209, 211, 216, 221, 223, 224, 229, 233, 236, 241], "summary": {"covered_lines": 10, "num_statements": 10, "percent_covered": 100.0, "percent_covered_display": "100", "missing_lines": 0, "excluded_lines": 0}, "missing_lines": [], "excluded_lines": []}, "_write_to_json": {"executed_lines": [], "summary": {"covered_lines": 0, "num_statements": 10, "percent_covered": 0.0, "percent_covered_display": "0", "missing_lines": 10, "excluded_lines": 0}, "missing_lines": [247, 248, 259, 260, 261, 262, 264, 269, 278, 279], "excluded_lines": []}, "_write_to_json.NumpyEncoder.default": {"executed_lines": [], "summary": {"covered_lines": 0, "num_statements": 7, "percent_covered": 0.0, "percent_covered_display": "0", "missing_lines": 7, "excluded_lines": 0}, "missing_lines": [249, 250, 251, 252, 253, 254, 255], "excluded_lines": []}, "visualize_clusters": {"executed_lines": [], "summary": {"covered_lines": 0, "num_statements": 17, "percent_covered": 0.0, "percent_covered_display": "0", "missing_lines": 17, "excluded_lines": 0}, "missing_lines": [295, 302, 303, 306, 313, 314, 315, 316, 319, 320, 321, 324, 327, 337, 348, 351, 352], "excluded_lines": []}, "save_benchmark_results": {"executed_lines": [], "summary": {"covered_lines": 0, "num_statements": 36, "percent_covered": 0.0, "percent_covered_display": "0", "missing_lines": 36, "excluded_lines": 0}, "missing_lines": [364, 365, 368, 369, 370, 371, 372, 382, 392, 395, 396, 397, 398, 400, 401, 407, 408, 410, 419, 421, 423, 425, 428, 429, 432, 433, 434, 437, 438, 439, 442, 443, 446, 448, 451, 459], "excluded_lines": []}, "": {"executed_lines": [1, 2, 3, 4, 5, 6, 7, 8, 9, 10, 11, 12, 13, 14, 15, 16, 19, 21, 207, 245, 281, 354], "summary": {"covered_lines": 22, "num_statements": 22, "percent_covered": 100.0, "percent_covered_display": "100", "missing_lines": 0, "excluded_lines": 0}, "missing_lines": [], "excluded_lines": []}}, "classes": {"_write_to_json.NumpyEncoder": {"executed_lines": [], "summary": {"covered_lines": 0, "num_statements": 7, "percent_covered": 0.0, "percent_covered_display": "0", "missing_lines": 7, "excluded_lines": 0}, "missing_lines": [249, 250, 251, 252, 253, 254, 255], "excluded_lines": []}, "": {"executed_lines": [1, 2, 3, 4, 5, 6, 7, 8, 9, 10, 11, 12, 13, 14, 15, 16, 19, 21, 42, 49, 50, 53, 54, 60, 61, 62, 66, 67, 68, 70, 71, 73, 76, 86, 87, 88, 92, 119, 120, 121, 122, 125, 126, 127, 128, 129, 130, 133, 134, 137, 138, 142, 143, 146, 147, 148, 153, 154, 155, 160, 161, 162, 163, 166, 192, 193, 196, 199, 207, 209, 211, 216, 221, 223, 224, 229, 233, 236, 241, 245, 281, 354], "summary": {"covered_lines": 82, "num_statements": 157, "percent_covered": 52.22929936305732, "percent_covered_display": "52", "missing_lines": 75, "excluded_lines": 0}, "missing_lines": [43, 44, 45, 46, 57, 63, 194, 200, 201, 203, 204, 205, 247, 248, 259, 260, 261, 262, 264, 269, 278, 279, 295, 302, 303, 306, 313, 314, 315, 316, 319, 320, 321, 324, 327, 337, 348, 351, 352, 364, 365, 368, 369, 370, 371, 372, 382, 392, 395, 396, 397, 398, 400, 401, 407, 408, 410, 419, 421, 423, 425, 428, 429, 432, 433, 434, 437, 438, 439, 442, 443, 446, 448, 451, 459], "excluded_lines": []}}}, "src/utils/vehicle_configurations.py": {"executed_lines": [1, 2, 4, 6, 7, 8, 10, 11, 13, 14, 15, 16, 17, 18, 19, 20, 21, 23, 25], "summary": {"covered_lines": 19, "num_statements": 31, "percent_covered": 61.29032258064516, "percent_covered_display": "61", "missing_lines": 12, "excluded_lines": 0}, "missing_lines": [27, 28, 29, 30, 31, 32, 33, 34, 35, 36, 37, 38], "excluded_lines": [], "functions": {"generate_vehicle_configurations": {"executed_lines": [6, 7, 8, 10, 11, 13, 14, 15, 16, 17, 18, 19, 20, 21, 23], "summary": {"covered_lines": 15, "num_statements": 15, "percent_covered": 100.0, "percent_covered_display": "100", "missing_lines": 0, "excluded_lines": 0}, "missing_lines": [], "excluded_lines": []}, "print_configurations": {"executed_lines": [], "summary": {"covered_lines": 0, "num_statements": 12, "percent_covered": 0.0, "percent_covered_display": "0", "missing_lines": 12, "excluded_lines": 0}, "missing_lines": [27, 28, 29, 30, 31, 32, 33, 34, 35, 36, 37, 38], "excluded_lines": []}, "": {"executed_lines": [1, 2, 4, 25], "summary": {"covered_lines": 4, "num_statements": 4, "percent_covered": 100.0, "percent_covered_display": "100", "missing_lines": 0, "excluded_lines": 0}, "missing_lines": [], "excluded_lines": []}}, "classes": {"": {"executed_lines": [1, 2, 4, 6, 7, 8, 10, 11, 13, 14, 15, 16, 17, 18, 19, 20, 21, 23, 25], "summary": {"covered_lines": 19, "num_statements": 31, "percent_covered": 61.29032258064516, "percent_covered_display": "61", "missing_lines": 12, "excluded_lines": 0}, "missing_lines": [27, 28, 29, 30, 31, 32, 33, 34, 35, 36, 37, 38], "excluded_lines": []}}}}, "totals": {"covered_lines": 1218, "num_statements": 1811, "percent_covered": 67.25565985643291, "percent_covered_display": "67", "missing_lines": 593, "excluded_lines": 0}}